                                     ======================
                                        ALPSO 1.1 (Serial)
                                     ======================

Parameters:
-------------------------------------------------------------------------------------------------
Swarmsize           :       40    MaxOuterIters     :      200    Seed:       1537981433.26900005
Cognitive Parameter :    2.000    MaxInnerIters     :        6    Scaling            :          1
Social Parameter    :    1.000    MinInnerIters     :        6    Stopping Criteria  :          1
Initial Weight      :    0.990    DynInnerIters     :        0    Number of Failures :         15
Final Weight        :    0.550    StoppingIters     :        5    Number of Successes:          5

Absolute Tolerance  : 1.00e-02    Number Initial Pos:        0    Neighbourhood Model:      gbest
Relative Tolerance  : 1.00e-02    Initial Velocity  :        1    Neighbourhood Size :         40
Inequality Tolerance: 1.00e-03    Maximum Velocity  :        2    Selfless           :          1
Equality Tolerance  : 1.00e-03    Craziness Velocity: 1.00e-04    Fileout            :          1
Global Distance     : 1.00e-01    Initial Penalty   :     1.00    File Name          :  ALPSO.out
-------------------------------------------------------------------------------------------------


================================================================================

NUMBER OF ITERATIONS: 1

NUMBER OF OBJECTIVE FUNCTION EVALUATIONS: 280

OBJECTIVE FUNCTION VALUE:
	F = 1.001437299852895

EQUALITY CONSTRAINTS VALUES:

INEQUALITY CONSTRAINTS VALUES:
	G(0) = -0.2247328661874417
	G(1) = 0.03517857714353958
	G(2) = 1.000000000006551e-05
	G(3) = -0.2827353446157713
	G(4) = 0.527478973862344
	G(5) = -0.127478973862253
	G(6) = -0.008997310575104223
	G(7) = 0.0008506828399714589
	G(8) = -0.07807200610294558
	G(9) = -0.2960727086125935
	G(10) = -0.1027639902550072

LAGRANGIAN MULTIPLIERS VALUES:
	L(0) = 0
	L(1) = 0
	L(2) = 0
	L(3) = 0
	L(4) = 0
	L(5) = 0
	L(6) = 0
	L(7) = 0
	L(8) = 0
	L(9) = 0
	L(10) = 0

PENALTY FACTOR:
	rp(0) = 1
	rp(1) = 1
	rp(2) = 1
	rp(3) = 1
	rp(4) = 1
	rp(5) = 1
	rp(6) = 1
	rp(7) = 1
	rp(8) = 1
	rp(9) = 1
	rp(10) = 1

BEST POSITION:
	P(0) = 0.977135844721456		P(1) = 0.8621545648314106		P(2) = 0.8022811551762157	
	P(3) = 0.7513449289504853		P(4) = 0.9742086905146909	
================================================================================

================================================================================

NUMBER OF ITERATIONS: 2

NUMBER OF OBJECTIVE FUNCTION EVALUATIONS: 520

OBJECTIVE FUNCTION VALUE:
	F = 1.003304620405397

EQUALITY CONSTRAINTS VALUES:

INEQUALITY CONSTRAINTS VALUES:
	G(0) = -0.5518116702249245
	G(1) = 0.03599099088945151
	G(2) = 1.000000000006551e-05
	G(3) = -0.1095450063924181
	G(4) = -0.1872715335339308
	G(5) = 0.5872715335340217
	G(6) = -0.05408125788258147
	G(7) = -0.002172024502963533
	G(8) = 0.1327468966917286
	G(9) = 0.0303474983584656
	G(10) = -0.723259822143853

LAGRANGIAN MULTIPLIERS VALUES:
	L(0) = 0
	L(1) = 0.07035715428707916
	L(2) = 2.000000000013102e-05
	L(3) = 0
	L(4) = 1.054957947724688
	L(5) = 0
	L(6) = 0
	L(7) = 0.001701365679942918
	L(8) = 0
	L(9) = 0
	L(10) = 0

PENALTY FACTOR:
	rp(0) = 1
	rp(1) = 4.193958580120909
	rp(2) = 1
	rp(3) = 1
	rp(4) = 16.24005809506764
	rp(5) = 1
	rp(6) = 1
	rp(7) = 1
	rp(8) = 1
	rp(9) = 1
	rp(10) = 1

BEST POSITION:
	P(0) = 1.0061273580203		P(1) = 0.8403375693643881		P(2) = 0.7851992170864299	
	P(3) = 0.7397245623258075		P(4) = 0.9726921031192332	
================================================================================

================================================================================

NUMBER OF ITERATIONS: 3

NUMBER OF OBJECTIVE FUNCTION EVALUATIONS: 760

OBJECTIVE FUNCTION VALUE:
	F = 1.005528899279172

EQUALITY CONSTRAINTS VALUES:

INEQUALITY CONSTRAINTS VALUES:
	G(0) = -0.2030668527774469
	G(1) = 0.03409560454688627
	G(2) = 1.000000000006551e-05
	G(3) = -0.3071998578814873
	G(4) = 0.3230533960875164
	G(5) = 0.07694660391257457
	G(6) = -0.02215150126578393
	G(7) = 0.0001911462375779292
	G(8) = 0.02368733054104041
	G(9) = -0.2014621282854532
	G(10) = -0.3278173079257576

LAGRANGIAN MULTIPLIERS VALUES:
	L(0) = 0
	L(1) = 0.3722466043828164
	L(2) = 4.000000000026205e-05
	L(3) = 0
	L(4) = 0
	L(5) = 1.174543067068043
	L(6) = 0
	L(7) = 0
	L(8) = 0.2654937933834571
	L(9) = 0.0606949967169312
	L(10) = 0

PENALTY FACTOR:
	rp(0) = 1
	rp(1) = 9.646846691831694
	rp(2) = 1
	rp(3) = 1
	rp(4) = 8.120029047533821
	rp(5) = 17.13580365104044
	rp(6) = 1
	rp(7) = 1
	rp(8) = 8.146990140282746
	rp(9) = 3.895349686386679
	rp(10) = 1

BEST POSITION:
	P(0) = 1.006311051498454		P(1) = 0.8525759095227919		P(2) = 0.7712849130742144	
	P(3) = 0.7432551338072794		P(4) = 0.9743045531764567	
================================================================================

================================================================================

NUMBER OF ITERATIONS: 4

NUMBER OF OBJECTIVE FUNCTION EVALUATIONS: 1000

OBJECTIVE FUNCTION VALUE:
	F = 1.004628604072658

EQUALITY CONSTRAINTS VALUES:

INEQUALITY CONSTRAINTS VALUES:
	G(0) = -0.1042559979702855
	G(1) = 0.03442973623461602
	G(2) = 1.000000000006551e-05
	G(3) = -0.4665174334508492
	G(4) = 0.1750397284990868
	G(5) = 0.2249602715010042
	G(6) = -0.008536803621315415
	G(7) = 0.0006418706160621276
	G(8) = -0.09160258929344081
	G(9) = -0.3712414572881116
	G(10) = -0.2539158008607883

LAGRANGIAN MULTIPLIERS VALUES:
	L(0) = 0
	L(1) = 1.030076744241079
	L(2) = 6.000000000039307e-05
	L(3) = 0
	L(4) = 5.246405920270163
	L(5) = 3.811626859588559
	L(6) = 0
	L(7) = 0.0003822924751558585
	L(8) = 0.6514546901184063
	L(9) = 0
	L(10) = 0

PENALTY FACTOR:
	rp(0) = 1
	rp(1) = 16.04740434027478
	rp(2) = 1
	rp(3) = 1
	rp(4) = 36.21603898920395
	rp(5) = 30.86918714344678
	rp(6) = 1
	rp(7) = 1
	rp(8) = 12.76180522220903
	rp(9) = 1.94767484319334
	rp(10) = 1

BEST POSITION:
	P(0) = 0.9950566882616321		P(1) = 0.8553341314872401		P(2) = 0.7712049228353023	
	P(3) = 0.7474191092024099		P(4) = 0.9752883651827338	
================================================================================

================================================================================

NUMBER OF ITERATIONS: 5

NUMBER OF OBJECTIVE FUNCTION EVALUATIONS: 1240

OBJECTIVE FUNCTION VALUE:
	F = 1.004717657904661

EQUALITY CONSTRAINTS VALUES:

INEQUALITY CONSTRAINTS VALUES:
	G(0) = -0.1345863304874001
	G(1) = 0.0345325689322017
	G(2) = 1.000000000006551e-05
	G(3) = -0.4514444097080559
	G(4) = 0.205408083070779
	G(5) = 0.194591916929312
	G(6) = -0.01204496003457365
	G(7) = 0.0004612961257432248
	G(8) = -0.08065278668978181
	G(9) = -0.3508531062942529
	G(10) = -0.2874636730000275

LAGRANGIAN MULTIPLIERS VALUES:
	L(0) = 0
	L(1) = 2.135092541612865
	L(2) = 8.00000000005241e-05
	L(3) = 0
	L(4) = 17.92489718423536
	L(5) = 17.70030830119875
	L(6) = 0
	L(7) = 0.001666033707280114
	L(8) = 0
	L(9) = 0
	L(10) = 0

PENALTY FACTOR:
	rp(0) = 1
	rp(1) = 32.09480868054955
	rp(2) = 1
	rp(3) = 1
	rp(4) = 66.94194720844951
	rp(5) = 66.52125280915631
	rp(6) = 1
	rp(7) = 1
	rp(8) = 6.380902611104513
	rp(9) = 1
	rp(10) = 1

BEST POSITION:
	P(0) = 0.9961134575764692		P(1) = 0.8540021753516372		P(2) = 0.7711117847744706	
	P(3) = 0.7467722483743607		P(4) = 0.9750397367757558	
================================================================================

================================================================================

NUMBER OF ITERATIONS: 6

NUMBER OF OBJECTIVE FUNCTION EVALUATIONS: 1480

OBJECTIVE FUNCTION VALUE:
	F = 1.005744147171263

EQUALITY CONSTRAINTS VALUES:

INEQUALITY CONSTRAINTS VALUES:
	G(0) = -0.1292549391622378
	G(1) = 0.03407117254313878
	G(2) = 1.000000000006551e-05
	G(3) = -0.4318018187644884
	G(4) = 0.1647808868553966
	G(5) = 0.2352191131446943
	G(6) = -0.01363928614041363
	G(7) = 0.0006464553618300735
	G(8) = -0.05702279983871676
	G(9) = -0.3245839178984224
	G(10) = -0.2587330981612504

LAGRANGIAN MULTIPLIERS VALUES:
	L(0) = 0
	L(1) = 4.351724927866671
	L(2) = 0.0001000000000006551
	L(3) = 0
	L(4) = 45.42573129046116
	L(5) = 43.58930450254496
	L(6) = 0
	L(7) = 0.002588625958766563
	L(8) = 0
	L(9) = 0
	L(10) = 0

PENALTY FACTOR:
	rp(0) = 1
	rp(1) = 64.18961736109911
	rp(2) = 1
	rp(3) = 1
	rp(4) = 133.883894416899
	rp(5) = 104.3902587679341
	rp(6) = 1
	rp(7) = 1
	rp(8) = 3.190451305552256
	rp(9) = 1
	rp(10) = 1

BEST POSITION:
	P(0) = 1.001098129629722		P(1) = 0.8546168512206146		P(2) = 0.7678527591618951	
	P(3) = 0.7458510806058246		P(4) = 0.9749887071635204	
================================================================================

================================================================================

NUMBER OF ITERATIONS: 7

NUMBER OF OBJECTIVE FUNCTION EVALUATIONS: 1720

OBJECTIVE FUNCTION VALUE:
	F = 1.005817361299842

EQUALITY CONSTRAINTS VALUES:

INEQUALITY CONSTRAINTS VALUES:
	G(0) = -0.07518398915959551
	G(1) = 0.03391650814098237
	G(2) = 1.000000000006551e-05
	G(3) = -0.4571097370485245
	G(4) = 0.245979663118078
	G(5) = 0.154020336882013
	G(6) = -0.008553547369978532
	G(7) = 0.0009214803814164355
	G(8) = -0.07248003835011332
	G(9) = -0.3581606010733885
	G(10) = -0.2111884024494611

LAGRANGIAN MULTIPLIERS VALUES:
	L(0) = 0
	L(1) = 8.725755985042801
	L(2) = 0.0001200000000007861
	L(3) = 0
	L(4) = 89.54874500580296
	L(5) = 92.69847267922218
	L(6) = 0
	L(7) = 0.00388153668242671
	L(8) = 0
	L(9) = 0
	L(10) = 0

PENALTY FACTOR:
	rp(0) = 1
	rp(1) = 64.18961736109911
	rp(2) = 1
	rp(3) = 1
	rp(4) = 149.6234816178622
	rp(5) = 208.7805175358682
	rp(6) = 1
	rp(7) = 1
	rp(8) = 1.595225652776128
	rp(9) = 1
	rp(10) = 1

BEST POSITION:
	P(0) = 1.001591705852611		P(1) = 0.8551037537365656		P(2) = 0.7646704632791005	
	P(3) = 0.7464512432033177		P(4) = 0.9752438518037109	
================================================================================

================================================================================

NUMBER OF ITERATIONS: 8

NUMBER OF OBJECTIVE FUNCTION EVALUATIONS: 1960

OBJECTIVE FUNCTION VALUE:
	F = 1.005834576967866

EQUALITY CONSTRAINTS VALUES:

INEQUALITY CONSTRAINTS VALUES:
	G(0) = -0.07011489720865939
	G(1) = 0.0340273512649658
	G(2) = 1.000000000006551e-05
	G(3) = -0.5056333776412907
	G(4) = 0.1640823879736217
	G(5) = 0.2359176120264692
	G(6) = -0.007467051903879707
	G(7) = 0.000988928331972401
	G(8) = -0.1044901775161611
	G(9) = -0.4041324642826931
	G(10) = -0.2037455815713292

LAGRANGIAN MULTIPLIERS VALUES:
	L(0) = 0
	L(1) = 13.07993134463132
	L(2) = 0.0001400000000009172
	L(3) = 0
	L(4) = 163.1574122116343
	L(5) = 157.0113639697731
	L(6) = 0
	L(7) = 0.005724497445259581
	L(8) = 0
	L(9) = 0
	L(10) = 0

PENALTY FACTOR:
	rp(0) = 1
	rp(1) = 64.18961736109911
	rp(2) = 1
	rp(3) = 1
	rp(4) = 299.2469632357243
	rp(5) = 208.7805175358682
	rp(6) = 1
	rp(7) = 1.196296101019683
	rp(8) = 1
	rp(9) = 1
	rp(10) = 1

BEST POSITION:
	P(0) = 0.9992472029827918		P(1) = 0.8552048559690097		P(2) = 0.763515426785377	
	P(3) = 0.7464875536240677		P(4) = 0.9753848354312128	
================================================================================

================================================================================

NUMBER OF ITERATIONS: 9

NUMBER OF OBJECTIVE FUNCTION EVALUATIONS: 2200

OBJECTIVE FUNCTION VALUE:
	F = 1.006087783158771

EQUALITY CONSTRAINTS VALUES:

INEQUALITY CONSTRAINTS VALUES:
	G(0) = -0.03754388410485263
	G(1) = 0.03402139077056763
	G(2) = 1.000000000006551e-05
	G(3) = -0.5603730734511214
	G(4) = 0.2280550435741588
	G(5) = 0.1719449564259321
	G(6) = -0.004731939495408355
	G(7) = 0.001183683440717384
	G(8) = -0.1375563964943672
	G(9) = -0.4588413924645847
	G(10) = -0.1760615058601106

LAGRANGIAN MULTIPLIERS VALUES:
	L(0) = 0
	L(1) = 17.44833665965105
	L(2) = 0.0001600000000010482
	L(3) = 0
	L(4) = 261.3597248547787
	L(5) = 255.5213662391979
	L(6) = 0
	L(7) = 0.008090599660712544
	L(8) = 0
	L(9) = 0
	L(10) = 0

PENALTY FACTOR:
	rp(0) = 1
	rp(1) = 128.3792347221982
	rp(2) = 1
	rp(3) = 1
	rp(4) = 299.2469632357243
	rp(5) = 417.5610350717363
	rp(6) = 1
	rp(7) = 1.422198971725875
	rp(8) = 1
	rp(9) = 1
	rp(10) = 1

BEST POSITION:
	P(0) = 0.9988926980094393		P(1) = 0.854758079857439		P(2) = 0.7590880260731148	
	P(3) = 0.7464485043562165		P(4) = 0.9755073541939935	
================================================================================

================================================================================

NUMBER OF ITERATIONS: 10

NUMBER OF OBJECTIVE FUNCTION EVALUATIONS: 2440

OBJECTIVE FUNCTION VALUE:
	F = 1.005983909385588

EQUALITY CONSTRAINTS VALUES:

INEQUALITY CONSTRAINTS VALUES:
	G(0) = -0.0507069648912875
	G(1) = 0.03407200500258264
	G(2) = 1.000000000006551e-05
	G(3) = -0.5444632005713106
	G(4) = 0.1618728078544791
	G(5) = 0.2381271921456118
	G(6) = -0.005676475755549859
	G(7) = 0.001083997392588631
	G(8) = -0.1282743226150433
	G(9) = -0.4409958784129067
	G(10) = -0.1927567821949669

LAGRANGIAN MULTIPLIERS VALUES:
	L(0) = 0
	L(1) = 26.18361688227171
	L(2) = 0.0001800000000011792
	L(3) = 0
	L(4) = 397.8492833350944
	L(5) = 399.1163942003515
	L(6) = 0
	L(7) = 0.01145746640518696
	L(8) = 0
	L(9) = 0
	L(10) = 0

PENALTY FACTOR:
	rp(0) = 1
	rp(1) = 128.3792347221982
	rp(2) = 1
	rp(3) = 1
	rp(4) = 598.4939264714486
	rp(5) = 417.5610350717363
	rp(6) = 1
	rp(7) = 2.84439794345175
	rp(8) = 1
	rp(9) = 1
	rp(10) = 1

BEST POSITION:
	P(0) = 0.9989165427465125		P(1) = 0.854535219390294		P(2) = 0.7604733042129831	
	P(3) = 0.7469411558410637		P(4) = 0.9755044107377751	
================================================================================

================================================================================

NUMBER OF ITERATIONS: 11

NUMBER OF OBJECTIVE FUNCTION EVALUATIONS: 2680

OBJECTIVE FUNCTION VALUE:
	F = 1.006090137457873

EQUALITY CONSTRAINTS VALUES:

INEQUALITY CONSTRAINTS VALUES:
	G(0) = -0.03667736517872981
	G(1) = 0.03398926869570812
	G(2) = 1.000000000006551e-05
	G(3) = -0.5562549280789995
	G(4) = 0.2365763482459897
	G(5) = 0.1634236517541012
	G(6) = -0.00467979051288836
	G(7) = 0.00119329166145327
	G(8) = -0.1349165848859411
	G(9) = -0.4548623853780264
	G(10) = -0.1734592298131029

LAGRANGIAN MULTIPLIERS VALUES:
	L(0) = 0
	L(1) = 34.93189273763665
	L(2) = 0.0002000000000013102
	L(3) = 0
	L(4) = 591.6090680586655
	L(5) = 597.9816678624474
	L(6) = 0
	L(7) = 0.01762410631355929
	L(8) = 0
	L(9) = 0
	L(10) = 0

PENALTY FACTOR:
	rp(0) = 1
	rp(1) = 256.7584694443964
	rp(2) = 1
	rp(3) = 1
	rp(4) = 598.4939264714486
	rp(5) = 835.1220701434727
	rp(6) = 1
	rp(7) = 2.84439794345175
	rp(8) = 1
	rp(9) = 1
	rp(10) = 1

BEST POSITION:
	P(0) = 0.9988560333461423		P(1) = 0.8551013102574432		P(2) = 0.7596193645549831	
	P(3) = 0.7465114323645821		P(4) = 0.9755027457377924	
================================================================================
