%%%%%%%%%%%%%%%%%%%%%%%%%%%%%%%%%%%%%%%%%%%%%%%
ENGINE MODEL  NEXT_GEN_GENERIC_TP
STUDY ID      MP_METODO3_TESTE_TURBOPROP_REV0
CREATED       23-Aug-2018 10:46:56
%%%%%%%%%%%%%%%%%%%%%%%%%%%%%%%%%%%%%%%%%%%%%%%
JREGM = 1 APR
NALT = 4
NISA = 7
NTAS = 5
HKFT1 - ALTITUDE [10³ FT]
     0.0     5.0    10.0    15.0 
DISA1 - STANDARD ATMOSPHERE TEMPERATURE DEVIATION [°C]
     0.0     5.0    10.0    15.0    20.0    25.0    30.0 
KTAS1 - AIRSPEED [KTAS]
     0.0    50.0   100.0   150.0   200.0 
SHP1 - ENGINE SHAFT POWER [SHP]
  4049.9  4050.0  4050.0  4050.9  4051.7 ! HKFT =  0.00 KFT / DISA =  0.00 C 
  4050.2  4050.2  4050.3  4050.4  4050.5 ! HKFT =  0.00 KFT / DISA =  5.00 C 
  4051.3  4051.4  4051.8  4052.2  4051.8 ! HKFT =  0.00 KFT / DISA = 10.00 C 
  4047.4  4049.2  4049.1  4048.7  4048.0 ! HKFT =  0.00 KFT / DISA = 15.00 C 
  4049.1  4050.7  4050.4  4049.2  4048.9 ! HKFT =  0.00 KFT / DISA = 20.00 C 
  3872.5  3883.6  3933.7  3990.0  4041.2 ! HKFT =  0.00 KFT / DISA = 25.00 C 
  3649.0  3659.6  3691.5  3744.7  3819.2 ! HKFT =  0.00 KFT / DISA = 30.00 C 
  3995.6  4010.0  4044.5  4049.7  4049.6 ! HKFT =  5.00 KFT / DISA =  0.00 C 
  3995.2  4004.4  4044.6  4049.9  4050.3 ! HKFT =  5.00 KFT / DISA =  5.00 C 
  3995.5  4010.1  4044.6  4050.1  4050.0 ! HKFT =  5.00 KFT / DISA = 10.00 C 
  3976.3  3988.5  4024.7  4049.9  4049.9 ! HKFT =  5.00 KFT / DISA = 15.00 C 
  3762.6  3773.3  3804.9  3857.2  3930.3 ! HKFT =  5.00 KFT / DISA = 20.00 C 
  3551.7  3561.2  3589.8  3635.3  3700.3 ! HKFT =  5.00 KFT / DISA = 25.00 C 
  3337.3  3346.9  3375.7  3424.1  3492.9 ! HKFT =  5.00 KFT / DISA = 30.00 C 
  3547.7  3561.5  3601.3  3670.3  3765.1 ! HKFT = 10.00 KFT / DISA =  0.00 C 
  3548.0  3561.6  3602.1  3669.5  3762.4 ! HKFT = 10.00 KFT / DISA =  5.00 C 
  3547.4  3560.7  3600.5  3666.5  3757.8 ! HKFT = 10.00 KFT / DISA = 10.00 C 
  3526.6  3539.6  3578.7  3640.7  3727.8 ! HKFT = 10.00 KFT / DISA = 15.00 C 
  3377.0  3388.3  3421.9  3476.8  3551.6 ! HKFT = 10.00 KFT / DISA = 20.00 C 
  3211.1  3220.6  3248.8  3295.3  3359.6 ! HKFT = 10.00 KFT / DISA = 25.00 C 
  3032.3  3040.7  3065.6  3112.4  3168.6 ! HKFT = 10.00 KFT / DISA = 30.00 C 
  3094.8  3108.2  3147.8  3213.8  3300.8 ! HKFT = 15.00 KFT / DISA =  0.00 C 
  3095.1  3108.1  3147.0  3211.9  3297.0 ! HKFT = 15.00 KFT / DISA =  5.00 C 
  3093.7  3106.4  3144.6  3208.3  3297.1 ! HKFT = 15.00 KFT / DISA = 10.00 C 
  3069.8  3082.1  3119.2  3181.0  3267.4 ! HKFT = 15.00 KFT / DISA = 15.00 C 
  2959.0  2970.3  3004.3  3060.8  3139.7 ! HKFT = 15.00 KFT / DISA = 20.00 C 
  2843.3  2853.6  2884.3  2931.4  2999.4 ! HKFT = 15.00 KFT / DISA = 25.00 C 
  2712.0  2720.6  2746.4  2788.7  2845.7 ! HKFT = 15.00 KFT / DISA = 30.00 C 
DFC1- ENGINE FUEL FLOW [LB/H]
  1525.2  1524.0  1520.3  1515.3  1506.7 ! HKFT =  0.00 KFT / DISA =  0.00 C 
  1534.0  1532.8  1529.0  1522.7  1514.0 ! HKFT =  0.00 KFT / DISA =  5.00 C 
  1542.1  1540.9  1537.4  1531.3  1522.1 ! HKFT =  0.00 KFT / DISA = 10.00 C 
  1550.4  1549.6  1545.8  1539.4  1530.2 ! HKFT =  0.00 KFT / DISA = 15.00 C 
  1559.1  1558.0  1554.1  1548.1  1539.0 ! HKFT =  0.00 KFT / DISA = 20.00 C 
  1512.4  1514.6  1526.7  1538.1  1544.7 ! HKFT =  0.00 KFT / DISA = 25.00 C 
  1449.7  1451.8  1458.3  1469.1  1484.1 ! HKFT =  0.00 KFT / DISA = 30.00 C 
  1456.4  1459.5  1465.9  1459.9  1450.5 ! HKFT =  5.00 KFT / DISA =  0.00 C 
  1464.6  1466.1  1474.5  1469.0  1460.5 ! HKFT =  5.00 KFT / DISA =  5.00 C 
  1473.0  1476.3  1483.1  1478.0  1469.0 ! HKFT =  5.00 KFT / DISA = 10.00 C 
  1474.9  1477.5  1485.1  1486.7  1477.7 ! HKFT =  5.00 KFT / DISA = 15.00 C 
  1415.1  1417.3  1423.8  1434.5  1449.3 ! HKFT =  5.00 KFT / DISA = 20.00 C 
  1356.1  1358.0  1363.8  1373.0  1386.1 ! HKFT =  5.00 KFT / DISA = 25.00 C 
  1296.4  1298.4  1304.3  1314.2  1328.1 ! HKFT =  5.00 KFT / DISA = 30.00 C 
  1280.2  1283.1  1291.4  1306.0  1325.8 ! HKFT = 10.00 KFT / DISA =  0.00 C 
  1287.6  1290.5  1299.2  1313.6  1333.2 ! HKFT = 10.00 KFT / DISA =  5.00 C 
  1294.6  1297.5  1306.1  1320.4  1339.9 ! HKFT = 10.00 KFT / DISA = 10.00 C 
  1294.5  1297.4  1306.0  1319.6  1338.4 ! HKFT = 10.00 KFT / DISA = 15.00 C 
  1251.1  1253.5  1260.7  1272.4  1288.3 ! HKFT = 10.00 KFT / DISA = 20.00 C 
  1203.8  1205.8  1211.7  1221.3  1234.5 ! HKFT = 10.00 KFT / DISA = 25.00 C 
  1153.5  1155.2  1160.3  1170.2  1181.6 ! HKFT = 10.00 KFT / DISA = 30.00 C 
  1110.5  1113.4  1122.0  1136.3  1154.3 ! HKFT = 15.00 KFT / DISA =  0.00 C 
  1116.9  1119.8  1128.4  1142.6  1160.3 ! HKFT = 15.00 KFT / DISA =  5.00 C 
  1122.7  1125.5  1134.0  1148.1  1167.6 ! HKFT = 15.00 KFT / DISA = 10.00 C 
  1120.4  1123.2  1131.5  1145.4  1164.5 ! HKFT = 15.00 KFT / DISA = 15.00 C 
  1087.1  1089.6  1097.2  1109.7  1127.0 ! HKFT = 15.00 KFT / DISA = 20.00 C 
  1052.7  1055.0  1061.7  1072.1  1086.7 ! HKFT = 15.00 KFT / DISA = 25.00 C 
  1014.9  1016.7  1022.2  1031.2  1043.2 ! HKFT = 15.00 KFT / DISA = 30.00 C 
DRES1- ENGINE RESIDUAL NET JET THRUST [LBF]
   293.6   241.8   190.0   137.9    85.7 ! HKFT =  0.00 KFT / DISA =  0.00 C 
   291.5   240.3   189.2   137.9    86.3 ! HKFT =  0.00 KFT / DISA =  5.00 C 
   289.8   239.2   188.7   138.0    87.0 ! HKFT =  0.00 KFT / DISA = 10.00 C 
   287.5   237.7   187.8   137.7    87.3 ! HKFT =  0.00 KFT / DISA = 15.00 C 
   285.8   236.6   187.3   137.7    87.8 ! HKFT =  0.00 KFT / DISA = 20.00 C 
   270.8   223.8   179.2   134.1    88.0 ! HKFT =  0.00 KFT / DISA = 25.00 C 
   252.8   207.6   163.5   120.1    77.0 ! HKFT =  0.00 KFT / DISA = 30.00 C 
   298.1   251.6   206.4   158.7   110.2 ! HKFT =  5.00 KFT / DISA =  0.00 C 
   296.1   249.8   205.6   158.5   110.5 ! HKFT =  5.00 KFT / DISA =  5.00 C 
   294.3   248.9   204.9   158.3   111.0 ! HKFT =  5.00 KFT / DISA = 10.00 C 
   291.1   246.2   202.9   158.2   111.6 ! HKFT =  5.00 KFT / DISA = 15.00 C 
   271.9   228.6   186.6   145.4   104.7 ! HKFT =  5.00 KFT / DISA = 20.00 C 
   253.9   212.2   171.6   131.5    91.8 ! HKFT =  5.00 KFT / DISA = 25.00 C 
   235.8   195.8   156.9   118.7    80.9 ! HKFT =  5.00 KFT / DISA = 30.00 C 
   270.5   230.2   191.7   154.7   118.4 ! HKFT = 10.00 KFT / DISA =  0.00 C 
   268.8   229.0   191.1   154.6   118.6 ! HKFT = 10.00 KFT / DISA =  5.00 C 
   267.1   227.8   190.3   154.2   118.7 ! HKFT = 10.00 KFT / DISA = 10.00 C 
   263.9   225.1   188.2   152.2   116.9 ! HKFT = 10.00 KFT / DISA = 15.00 C 
   249.8   212.1   175.8   140.5   105.7 ! HKFT = 10.00 KFT / DISA = 20.00 C 
   234.8   198.2   162.8   128.2    93.9 ! HKFT = 10.00 KFT / DISA = 25.00 C 
   219.1   183.7   149.5   116.5    83.0 ! HKFT = 10.00 KFT / DISA = 30.00 C 
   240.9   206.5   174.1   143.1   112.5 ! HKFT = 15.00 KFT / DISA =  0.00 C 
   239.5   205.5   173.5   142.8   112.6 ! HKFT = 15.00 KFT / DISA =  5.00 C 
   237.9   204.4   172.7   142.4   112.9 ! HKFT = 15.00 KFT / DISA = 10.00 C 
   234.6   201.5   170.2   140.3   111.2 ! HKFT = 15.00 KFT / DISA = 15.00 C 
   223.9   191.6   160.9   131.4   102.6 ! HKFT = 15.00 KFT / DISA = 20.00 C 
   213.0   181.5   151.4   121.8    93.1 ! HKFT = 15.00 KFT / DISA = 25.00 C 
   200.6   170.0   140.5   111.8    83.3 ! HKFT = 15.00 KFT / DISA = 30.00 C 
JREGM = 2 NTO
NALT = 4
NISA = 7
NTAS = 5
HKFT2 - ALTITUDE [10³ FT]
     0.0     5.0    10.0    15.0 
DISA2 - STANDARD ATMOSPHERE TEMPERATURE DEVIATION [°C]
     0.0     5.0    10.0    15.0    20.0    25.0    30.0 
KTAS2 - AIRSPEED [KTAS]
     0.0    50.0   100.0   150.0   200.0 
SHP2 - ENGINE SHAFT POWER [SHP]
  4049.8  4049.8  4049.9  4050.0  4051.1 ! HKFT =  0.00 KFT / DISA =  0.00 C 
  4050.2  4050.2  4050.2  4050.3  4050.5 ! HKFT =  0.00 KFT / DISA =  5.00 C 
  4050.0  4050.0  4050.0  4051.5  4052.2 ! HKFT =  0.00 KFT / DISA = 10.00 C 
  4049.4  4049.1  4048.9  4048.3  4049.6 ! HKFT =  0.00 KFT / DISA = 15.00 C 
  3830.2  3842.9  3881.1  3957.9  4045.1 ! HKFT =  0.00 KFT / DISA = 20.00 C 
  3614.8  3628.5  3664.9  3742.5  3809.2 ! HKFT =  0.00 KFT / DISA = 25.00 C 
  3407.7  3418.3  3453.5  3512.0  3593.4 ! HKFT =  0.00 KFT / DISA = 30.00 C 
  3649.4  3662.3  3700.8  3769.0  3860.1 ! HKFT =  5.00 KFT / DISA =  0.00 C 
  3648.9  3662.3  3702.1  3765.9  3855.6 ! HKFT =  5.00 KFT / DISA =  5.00 C 
  3649.9  3663.1  3702.5  3767.7  3852.9 ! HKFT =  5.00 KFT / DISA = 10.00 C 
  3628.0  3640.7  3678.6  3741.0  3833.0 ! HKFT =  5.00 KFT / DISA = 15.00 C 
  3432.5  3444.3  3479.4  3538.0  3619.0 ! HKFT =  5.00 KFT / DISA = 20.00 C 
  3237.2  3248.3  3281.5  3337.3  3415.9 ! HKFT =  5.00 KFT / DISA = 25.00 C 
  3053.2  3063.8  3095.9  3149.6  3224.8 ! HKFT =  5.00 KFT / DISA = 30.00 C 
  3200.7  3214.5  3255.7  3323.6  3417.6 ! HKFT = 10.00 KFT / DISA =  0.00 C 
  3202.1  3215.6  3255.9  3322.7  3415.2 ! HKFT = 10.00 KFT / DISA =  5.00 C 
  3203.3  3211.4  3251.0  3316.3  3406.9 ! HKFT = 10.00 KFT / DISA = 10.00 C 
  3180.3  3193.2  3231.6  3295.1  3382.9 ! HKFT = 10.00 KFT / DISA = 15.00 C 
  3027.9  3039.2  3073.4  3130.0  3208.4 ! HKFT = 10.00 KFT / DISA = 20.00 C 
  2867.4  2877.7  2908.8  2960.1  3031.6 ! HKFT = 10.00 KFT / DISA = 25.00 C 
  2704.8  2714.5  2743.4  2791.8  2859.9 ! HKFT = 10.00 KFT / DISA = 30.00 C 
  2750.3  2763.5  2803.2  2869.2  2956.3 ! HKFT = 15.00 KFT / DISA =  0.00 C 
  2746.6  2759.5  2798.4  2863.0  2953.4 ! HKFT = 15.00 KFT / DISA =  5.00 C 
  2747.0  2759.7  2797.9  2861.3  2950.1 ! HKFT = 15.00 KFT / DISA = 10.00 C 
  2727.1  2739.5  2776.5  2838.1  2924.3 ! HKFT = 15.00 KFT / DISA = 15.00 C 
  2614.0  2625.3  2659.0  2714.9  2792.2 ! HKFT = 15.00 KFT / DISA = 20.00 C 
  2491.1  2501.1  2531.2  2580.9  2649.8 ! HKFT = 15.00 KFT / DISA = 25.00 C 
  2359.6  2368.6  2395.7  2440.5  2503.2 ! HKFT = 15.00 KFT / DISA = 30.00 C 
DFC2- ENGINE FUEL FLOW [LB/H]
  1560.2  1558.7  1554.4  1547.6  1539.1 ! HKFT =  0.00 KFT / DISA =  0.00 C 
  1570.1  1568.6  1564.2  1556.9  1547.0 ! HKFT =  0.00 KFT / DISA =  5.00 C 
  1578.7  1577.2  1572.9  1565.6  1555.9 ! HKFT =  0.00 KFT / DISA = 10.00 C 
  1587.7  1586.0  1581.5  1574.0  1564.6 ! HKFT =  0.00 KFT / DISA = 15.00 C 
  1526.5  1529.2  1537.2  1554.8  1572.6 ! HKFT =  0.00 KFT / DISA = 20.00 C 
  1465.5  1468.4  1476.1  1494.2  1506.3 ! HKFT =  0.00 KFT / DISA = 25.00 C 
  1406.8  1409.0  1416.4  1428.7  1445.7 ! HKFT =  0.00 KFT / DISA = 30.00 C 
  1387.1  1389.7  1397.5  1411.9  1430.5 ! HKFT =  5.00 KFT / DISA =  0.00 C 
  1395.3  1398.2  1406.6  1419.8  1438.3 ! HKFT =  5.00 KFT / DISA =  5.00 C 
  1403.9  1406.7  1415.1  1429.0  1446.4 ! HKFT =  5.00 KFT / DISA = 10.00 C 
  1405.3  1408.1  1416.2  1429.7  1449.2 ! HKFT =  5.00 KFT / DISA = 15.00 C 
  1349.8  1352.4  1359.9  1372.4  1389.5 ! HKFT =  5.00 KFT / DISA = 20.00 C 
  1294.6  1296.9  1304.0  1315.9  1332.6 ! HKFT =  5.00 KFT / DISA = 25.00 C 
  1242.2  1244.5  1251.4  1262.9  1278.8 ! HKFT =  5.00 KFT / DISA = 30.00 C 
  1209.0  1212.0  1220.9  1235.4  1255.4 ! HKFT = 10.00 KFT / DISA =  0.00 C 
  1216.9  1219.8  1228.6  1243.1  1263.1 ! HKFT = 10.00 KFT / DISA =  5.00 C 
  1224.6  1225.7  1234.4  1248.8  1268.5 ! HKFT = 10.00 KFT / DISA = 10.00 C 
  1224.1  1227.0  1235.5  1249.5  1268.8 ! HKFT = 10.00 KFT / DISA = 15.00 C 
  1179.9  1182.4  1189.9  1202.3  1219.4 ! HKFT = 10.00 KFT / DISA = 20.00 C 
  1134.0  1136.2  1143.0  1154.1  1169.5 ! HKFT = 10.00 KFT / DISA = 25.00 C 
  1087.7  1089.8  1096.1  1106.6  1121.2 ! HKFT = 10.00 KFT / DISA = 30.00 C 
  1038.3  1041.3  1050.1  1064.8  1083.4 ! HKFT = 15.00 KFT / DISA =  0.00 C 
  1043.5  1046.5  1055.2  1069.7  1089.9 ! HKFT = 15.00 KFT / DISA =  5.00 C 
  1050.1  1053.0  1061.7  1076.1  1096.0 ! HKFT = 15.00 KFT / DISA = 10.00 C 
  1049.5  1052.3  1060.8  1074.8  1094.4 ! HKFT = 15.00 KFT / DISA = 15.00 C 
  1015.8  1018.3  1026.0  1038.5  1055.8 ! HKFT = 15.00 KFT / DISA = 20.00 C 
   979.8   982.0   988.8   999.8  1015.1 ! HKFT = 15.00 KFT / DISA = 25.00 C 
   941.8   943.8   949.8   959.7   973.4 ! HKFT = 15.00 KFT / DISA = 30.00 C 
DRES2- ENGINE RESIDUAL NET JET THRUST [LBF]
   291.8   238.5   185.1   131.6    77.5 ! HKFT =  0.00 KFT / DISA =  0.00 C 
   289.7   237.0   184.3   131.4    78.1 ! HKFT =  0.00 KFT / DISA =  5.00 C 
   287.9   235.8   183.7   131.6    78.9 ! HKFT =  0.00 KFT / DISA = 10.00 C 
   285.9   234.5   183.0   131.4    79.3 ! HKFT =  0.00 KFT / DISA = 15.00 C 
   267.9   219.0   171.7   125.9    79.6 ! HKFT =  0.00 KFT / DISA = 20.00 C 
   250.6   203.6   157.8   113.8    67.8 ! HKFT =  0.00 KFT / DISA = 25.00 C 
   234.4   188.8   144.6   101.0    57.6 ! HKFT =  0.00 KFT / DISA = 30.00 C 
   267.8   221.7   177.2   133.9    90.9 ! HKFT =  5.00 KFT / DISA =  0.00 C 
   266.0   220.4   176.5   133.6    91.1 ! HKFT =  5.00 KFT / DISA =  5.00 C 
   264.3   219.3   175.9   133.6    91.4 ! HKFT =  5.00 KFT / DISA = 10.00 C 
   260.8   216.4   173.5   131.6    90.7 ! HKFT =  5.00 KFT / DISA = 15.00 C 
   244.2   201.3   159.7   119.1    78.8 ! HKFT =  5.00 KFT / DISA = 20.00 C 
   228.0   186.5   146.4   107.1    68.1 ! HKFT =  5.00 KFT / DISA = 25.00 C 
   213.0   173.0   134.3    96.2    58.4 ! HKFT =  5.00 KFT / DISA = 30.00 C 
   239.0   199.2   161.2   124.4    88.0 ! HKFT = 10.00 KFT / DISA =  0.00 C 
   237.4   198.1   160.6   124.2    88.3 ! HKFT = 10.00 KFT / DISA =  5.00 C 
   236.0   196.7   159.6   123.6    88.1 ! HKFT = 10.00 KFT / DISA = 10.00 C 
   232.6   194.3   157.6   122.1    87.0 ! HKFT = 10.00 KFT / DISA = 15.00 C 
   219.2   181.9   146.1   111.2    76.7 ! HKFT = 10.00 KFT / DISA = 20.00 C 
   205.4   169.3   134.5   100.4    66.7 ! HKFT = 10.00 KFT / DISA = 25.00 C 
   191.7   156.9   123.2    90.2    57.5 ! HKFT = 10.00 KFT / DISA = 30.00 C 
   208.6   174.7   142.6   111.8    81.3 ! HKFT = 15.00 KFT / DISA =  0.00 C 
   206.8   173.4   141.7   111.2    81.4 ! HKFT = 15.00 KFT / DISA =  5.00 C 
   205.5   172.4   141.1   111.0    81.5 ! HKFT = 15.00 KFT / DISA = 10.00 C 
   202.6   170.0   139.0   109.3    80.1 ! HKFT = 15.00 KFT / DISA = 15.00 C 
   192.3   160.5   130.1   100.8    71.9 ! HKFT = 15.00 KFT / DISA = 20.00 C 
   181.4   150.4   120.7    91.8    63.3 ! HKFT = 15.00 KFT / DISA = 25.00 C 
   170.0   139.9   111.0    82.8    54.9 ! HKFT = 15.00 KFT / DISA = 30.00 C 
JREGM = 3 MCL
NALT = 6
NISA = 2
NTAS = 6
HKFT3 - ALTITUDE [10³ FT]
     0.0     5.0    10.0    15.0    20.0    25.0 
DISA3 - STANDARD ATMOSPHERE TEMPERATURE DEVIATION [°C]
     0.0    10.0 
KTAS3 - AIRSPEED [KTAS]
   100.0   150.0   200.0   250.0   300.0   350.0 
SHP3 - ENGINE SHAFT POWER [SHP]
  3171.9  3175.3  3175.3  3175.3  3175.3  3175.3 ! HKFT =  0.00 KFT / DISA =  0.00 C 
  3174.3  3174.4  3174.2  3173.8  3173.7  3174.2 ! HKFT =  0.00 KFT / DISA = 10.00 C 
  2944.1  3001.9  3077.9  3174.9  3175.3  3175.3 ! HKFT =  5.00 KFT / DISA =  0.00 C 
  2927.1  2981.7  3057.1  3158.5  3175.7  3179.0 ! HKFT =  5.00 KFT / DISA = 10.00 C 
  2641.1  2692.8  2765.6  2863.8  2977.7  3114.0 ! HKFT = 10.00 KFT / DISA =  0.00 C 
  2623.5  2673.7  2744.2  2836.3  2948.7  3080.6 ! HKFT = 10.00 KFT / DISA = 10.00 C 
  2342.5  2386.7  2454.7  2541.7  2648.2  2775.6 ! HKFT = 15.00 KFT / DISA =  0.00 C 
  2319.5  2366.6  2431.7  2515.1  2617.6  2739.9 ! HKFT = 15.00 KFT / DISA = 10.00 C 
  2033.0  2081.4  2148.9  2232.7  2330.0  2449.4 ! HKFT = 20.00 KFT / DISA =  0.00 C 
  2011.4  2057.2  2120.7  2201.3  2298.6  2412.7 ! HKFT = 20.00 KFT / DISA = 10.00 C 
  1727.0  1774.0  1834.7  1918.3  2019.1  2135.7 ! HKFT = 25.00 KFT / DISA =  0.00 C 
  1703.1  1747.4  1809.4  1888.3  1983.4  2093.7 ! HKFT = 25.00 KFT / DISA = 10.00 C 
DFC3- ENGINE FUEL FLOW [LB/H]
  1285.3  1281.1  1273.1  1263.0  1251.2  1237.6 ! HKFT =  0.00 KFT / DISA =  0.00 C 
  1299.9  1294.2  1285.9  1275.8  1263.9  1250.3 ! HKFT =  0.00 KFT / DISA = 10.00 C 
  1162.4  1174.3  1189.3  1208.1  1195.6  1180.8 ! HKFT =  5.00 KFT / DISA =  0.00 C 
  1170.4  1181.7  1197.1  1217.5  1210.1  1196.3 ! HKFT =  5.00 KFT / DISA = 10.00 C 
  1025.4  1036.0  1050.9  1071.1  1093.7  1120.4 ! HKFT = 10.00 KFT / DISA =  0.00 C 
  1032.4  1042.9  1057.5  1076.4  1099.2  1125.6 ! HKFT = 10.00 KFT / DISA = 10.00 C 
   897.5   906.2   920.4   938.3   960.0   985.7 ! HKFT = 15.00 KFT / DISA =  0.00 C 
   901.7   911.8   925.5   943.0   964.2   989.1 ! HKFT = 15.00 KFT / DISA = 10.00 C 
   773.6   784.0   798.5   816.0   835.9   860.5 ! HKFT = 20.00 KFT / DISA =  0.00 C 
   776.7   786.8   800.6   818.0   838.6   862.5 ! HKFT = 20.00 KFT / DISA = 10.00 C 
   657.0   667.4   680.2   698.5   720.1   744.7 ! HKFT = 25.00 KFT / DISA =  0.00 C 
   657.6   667.6   681.5   699.0   719.9   743.7 ! HKFT = 25.00 KFT / DISA = 10.00 C 
DRES3- ENGINE RESIDUAL NET JET THRUST [LBF]
   131.6    83.3    34.6   -14.5   -64.2  -114.7 ! HKFT =  0.00 KFT / DISA =  0.00 C 
   130.4    83.3    35.8   -12.1   -60.6  -109.7 ! HKFT =  0.00 KFT / DISA = 10.00 C 
   128.3    88.2    48.1     7.5   -38.8   -85.8 ! HKFT =  5.00 KFT / DISA =  0.00 C 
   126.0    86.9    47.9     9.0   -35.3   -81.0 ! HKFT =  5.00 KFT / DISA = 10.00 C 
   119.7    84.7    50.0    15.1   -20.7   -57.6 ! HKFT = 10.00 KFT / DISA =  0.00 C 
   117.4    83.5    49.7    15.7   -19.0   -54.8 ! HKFT = 10.00 KFT / DISA = 10.00 C 
   110.3    79.9    50.1    20.1   -10.5   -42.0 ! HKFT = 15.00 KFT / DISA =  0.00 C 
   107.7    78.5    49.5    20.3    -9.4   -39.9 ! HKFT = 15.00 KFT / DISA = 10.00 C 
    99.0    73.7    48.7    23.5    -2.4   -28.9 ! HKFT = 20.00 KFT / DISA =  0.00 C 
    96.5    71.9    47.6    23.1    -1.8   -27.4 ! HKFT = 20.00 KFT / DISA = 10.00 C 
    86.3    65.5    44.7    24.3     3.5   -18.2 ! HKFT = 25.00 KFT / DISA =  0.00 C 
    83.9    63.5    43.6    23.7     3.4   -17.6 ! HKFT = 25.00 KFT / DISA = 10.00 C 
JREGM = 4 MCR
NALT = 6
NISA = 2
NTAS = 6
HKFT4 - ALTITUDE [10³ FT]
     0.0     5.0    10.0    15.0    20.0    25.0 
DISA4 - STANDARD ATMOSPHERE TEMPERATURE DEVIATION [°C]
     0.0    10.0 
KTAS4 - AIRSPEED [KTAS]
   100.0   150.0   200.0   250.0   300.0   350.0 
SHP4 - ENGINE SHAFT POWER [SHP]
  2510.3  2510.3  2510.3  2510.3  2510.0  2510.0 ! HKFT =  0.00 KFT / DISA =  0.00 C 
  2509.1  2507.2  2507.5  2508.8  2510.0  2510.0 ! HKFT =  0.00 KFT / DISA = 10.00 C 
  2510.3  2510.3  2510.3  2510.3  2510.3  2510.3 ! HKFT =  5.00 KFT / DISA =  0.00 C 
  2512.2  2514.4  2510.2  2510.4  2510.9  2510.2 ! HKFT =  5.00 KFT / DISA = 10.00 C 
  2431.0  2480.3  2510.4  2510.3  2510.3  2510.3 ! HKFT = 10.00 KFT / DISA =  0.00 C 
  2410.5  2458.2  2510.1  2511.1  2510.0  2510.3 ! HKFT = 10.00 KFT / DISA = 10.00 C 
  2158.7  2204.3  2265.7  2352.4  2451.2  2510.4 ! HKFT = 15.00 KFT / DISA =  0.00 C 
  2138.9  2182.9  2244.4  2324.4  2422.8  2510.1 ! HKFT = 15.00 KFT / DISA = 10.00 C 
  1890.0  1933.8  1994.0  2071.1  2165.2  2273.9 ! HKFT = 20.00 KFT / DISA =  0.00 C 
  1871.0  1912.3  1969.4  2042.8  2132.8  2239.8 ! HKFT = 20.00 KFT / DISA = 10.00 C 
  1624.2  1666.6  1720.7  1794.5  1884.9  1990.3 ! HKFT = 25.00 KFT / DISA =  0.00 C 
  1601.4  1641.3  1696.8  1767.5  1853.0  1952.9 ! HKFT = 25.00 KFT / DISA = 10.00 C 
DFC4- ENGINE FUEL FLOW [LB/H]
  1090.1  1085.5  1079.3  1071.3  1061.3  1050.0 ! HKFT =  0.00 KFT / DISA =  0.00 C 
  1100.6  1095.2  1088.6  1081.3  1072.2  1061.1 ! HKFT =  0.00 KFT / DISA = 10.00 C 
  1031.8  1026.8  1020.0  1011.5  1001.3   989.6 ! HKFT =  5.00 KFT / DISA =  0.00 C 
  1043.3  1039.2  1031.2  1022.7  1012.4  1000.6 ! HKFT =  5.00 KFT / DISA = 10.00 C 
   961.1   971.1   973.4   964.7   954.2   942.3 ! HKFT = 10.00 KFT / DISA =  0.00 C 
   966.4   976.3   985.1   976.6   966.0   954.1 ! HKFT = 10.00 KFT / DISA = 10.00 C 
   840.7   850.1   862.5   880.6   900.2   905.7 ! HKFT = 15.00 KFT / DISA =  0.00 C 
   845.3   854.6   867.4   884.0   904.2   918.6 ! HKFT = 15.00 KFT / DISA = 10.00 C 
   727.9   737.2   749.8   765.8   785.2   807.0 ! HKFT = 20.00 KFT / DISA =  0.00 C 
   731.7   740.6   752.8   768.3   787.1   809.1 ! HKFT = 20.00 KFT / DISA = 10.00 C 
   622.6   631.8   642.9   658.4   677.5   699.4 ! HKFT = 25.00 KFT / DISA =  0.00 C 
   623.5   632.4   644.6   659.9   678.3   699.5 ! HKFT = 25.00 KFT / DISA = 10.00 C 
DRES4- ENGINE RESIDUAL NET JET THRUST [LBF]
    94.6    50.9     6.9   -37.4   -82.3  -127.6 ! HKFT =  0.00 KFT / DISA =  0.00 C 
    93.7    51.1     8.2   -35.1   -78.8  -123.1 ! HKFT =  0.00 KFT / DISA = 10.00 C 
   102.4    61.9    21.2   -20.0   -61.7  -104.1 ! HKFT =  5.00 KFT / DISA =  0.00 C 
   101.7    62.4    22.4   -17.8   -58.4   -99.7 ! HKFT =  5.00 KFT / DISA = 10.00 C 
   106.5    72.5    36.7    -1.4   -40.0   -79.3 ! HKFT = 10.00 KFT / DISA =  0.00 C 
   104.1    71.1    37.6     0.6   -37.0   -75.3 ! HKFT = 10.00 KFT / DISA = 10.00 C 
    98.2    68.8    39.5    10.3   -19.9   -53.4 ! HKFT = 15.00 KFT / DISA =  0.00 C 
    95.9    67.4    39.1    10.6   -18.6   -49.7 ! HKFT = 15.00 KFT / DISA = 10.00 C 
    89.1    64.2    39.4    14.5   -11.0   -37.4 ! HKFT = 20.00 KFT / DISA =  0.00 C 
    87.0    62.7    38.6    14.4   -10.2   -35.7 ! HKFT = 20.00 KFT / DISA = 10.00 C 
    79.1    58.3    37.5    16.8    -4.2   -26.0 ! HKFT = 25.00 KFT / DISA =  0.00 C 
    76.7    56.5    36.6    16.5    -3.9   -25.0 ! HKFT = 25.00 KFT / DISA = 10.00 C 
JREGM = 5 FIDLE
NALT = 6
NISA = 2
NTAS = 8
HKFT5 - ALTITUDE [10³ FT]
     0.0     5.0    10.0    15.0    20.0    25.0 
DISA5 - STANDARD ATMOSPHERE TEMPERATURE DEVIATION [°C]
     0.0    10.0 
KTAS5 - AIRSPEED [KTAS]
    50.0   100.0   150.0   200.0   250.0   300.0   350.0   400.0 
SHP5 - ENGINE SHAFT POWER [SHP]
   -38.3   -38.5   -67.0   -97.5  -165.9  -237.1  -322.6  -421.8 ! HKFT =  0.00 KFT / DISA =  0.00 C 
   -17.6   -34.0   -58.4   -93.5  -153.3  -220.4  -308.8  -430.1 ! HKFT =  0.00 KFT / DISA = 10.00 C 
   170.0   159.3   144.4   116.4    73.3    10.9   -60.1  -147.3 ! HKFT =  5.00 KFT / DISA =  0.00 C 
   164.0   155.6   146.9   118.6    80.1    25.2   -46.4  -125.3 ! HKFT =  5.00 KFT / DISA = 10.00 C 
   212.7   208.4   198.9   186.4   166.4   127.2    72.9     4.1 ! HKFT = 10.00 KFT / DISA =  0.00 C 
   230.3   225.0   215.1   196.1   182.7   148.1   111.9    60.3 ! HKFT = 10.00 KFT / DISA = 10.00 C 
   315.1   312.8   308.3   301.1   289.1   273.1   246.4   208.5 ! HKFT = 15.00 KFT / DISA =  0.00 C 
   322.0   319.7   315.5   309.6   301.3   288.1   261.0   224.5 ! HKFT = 15.00 KFT / DISA = 10.00 C 
   467.7   467.5   465.3   462.1   457.6   451.6   442.0   428.6 ! HKFT = 20.00 KFT / DISA =  0.00 C 
   491.9   490.3   487.7   484.4   479.8   473.6   464.1   451.6 ! HKFT = 20.00 KFT / DISA = 10.00 C 
   624.5   623.2   620.9   617.2   613.3   608.5   601.7   595.4 ! HKFT = 25.00 KFT / DISA =  0.00 C 
   647.3   646.0   643.9   641.0   636.8   632.4   626.7   620.4 ! HKFT = 25.00 KFT / DISA = 10.00 C 
DFC5- ENGINE FUEL FLOW [LB/H]
   536.5   532.3   521.7   509.9   486.7   460.8   431.3   399.1 ! HKFT =  0.00 KFT / DISA =  0.00 C 
   554.0   547.7   537.8   524.9   503.1   476.3   445.0   404.9 ! HKFT =  0.00 KFT / DISA = 10.00 C 
   483.7   478.7   470.4   459.6   444.9   422.2   399.4   372.4 ! HKFT =  5.00 KFT / DISA =  0.00 C 
   476.8   473.4   482.2   472.1   456.4   437.9   413.2   386.6 ! HKFT =  5.00 KFT / DISA = 10.00 C 
   410.3   407.7   403.4   397.3   388.7   379.1   359.6   339.2 ! HKFT = 10.00 KFT / DISA =  0.00 C 
   417.4   415.0   410.9   403.7   397.2   384.3   371.6   355.9 ! HKFT = 10.00 KFT / DISA = 10.00 C 
   369.6   368.1   365.4   361.5   356.1   348.9   339.2   327.8 ! HKFT = 15.00 KFT / DISA =  0.00 C 
   369.4   368.2   366.2   363.3   359.6   356.9   346.7   334.8 ! HKFT = 15.00 KFT / DISA = 10.00 C 
   351.4   350.5   348.6   346.1   342.9   338.7   333.8   327.6 ! HKFT = 20.00 KFT / DISA =  0.00 C 
   362.5   361.2   359.3   356.6   353.2   349.0   343.8   337.6 ! HKFT = 20.00 KFT / DISA = 10.00 C 
   357.1   355.6   353.3   349.8   345.8   341.0   335.7   329.0 ! HKFT = 25.00 KFT / DISA =  0.00 C 
   368.7   367.3   365.0   361.8   357.5   352.8   347.2   340.7 ! HKFT = 25.00 KFT / DISA = 10.00 C 
DRES5- ENGINE RESIDUAL NET JET THRUST [LBF]
    26.6    11.3    -5.2   -22.0   -39.9   -58.4   -78.2   -97.8 ! HKFT =  0.00 KFT / DISA =  0.00 C 
    29.7    13.9    -2.2   -18.9   -36.5   -55.0   -74.4   -96.1 ! HKFT =  0.00 KFT / DISA = 10.00 C 
    27.2    10.7    -5.3   -22.5   -40.6   -59.3   -79.0   -99.1 ! HKFT =  5.00 KFT / DISA =  0.00 C 
    26.3     9.9    -4.5   -21.5   -38.4   -57.4   -76.5   -96.1 ! HKFT =  5.00 KFT / DISA = 10.00 C 
    23.8     8.3    -7.4   -23.2   -39.3   -54.5   -72.4   -90.6 ! HKFT = 10.00 KFT / DISA =  0.00 C 
    23.9     8.6    -6.8   -22.5   -38.1   -54.7   -70.9   -88.4 ! HKFT = 10.00 KFT / DISA = 10.00 C 
    24.4     9.0    -6.3   -21.8   -37.6   -53.7   -69.9   -87.1 ! HKFT = 15.00 KFT / DISA =  0.00 C 
    23.5     8.4    -6.7   -21.9   -37.3   -52.3   -68.2   -84.8 ! HKFT = 15.00 KFT / DISA = 10.00 C 
    29.3    13.3    -2.7   -18.8   -35.1   -51.4   -68.1   -85.0 ! HKFT = 20.00 KFT / DISA =  0.00 C 
    29.6    13.9    -1.9   -17.7   -33.7   -49.8   -66.1   -82.7 ! HKFT = 20.00 KFT / DISA = 10.00 C 
    37.4    21.3     5.1   -11.2   -27.6   -44.2   -61.0   -79.2 ! HKFT = 25.00 KFT / DISA =  0.00 C 
    37.8    22.0     6.2    -9.8   -26.0   -42.3   -58.8   -76.2 ! HKFT = 25.00 KFT / DISA = 10.00 C 
JREGM = 6 MCT
NALT = 4
NISA = 7
NTAS = 5
HKFT6 - ALTITUDE [10³ FT]
     0.0     5.0    10.0    15.0 
DISA6 - STANDARD ATMOSPHERE TEMPERATURE DEVIATION [°C]
     0.0     5.0    10.0    15.0    20.0    25.0    30.0 
KTAS6 - AIRSPEED [KTAS]
     0.0    50.0   100.0   150.0   200.0 
SHP6 - ENGINE SHAFT POWER [SHP]
  3514.4  3529.0  3577.2  3649.8  3756.2 ! HKFT =  0.00 KFT / DISA =  0.00 C 
  3514.7  3529.3  3573.9  3645.9  3750.9 ! HKFT =  0.00 KFT / DISA =  5.00 C 
  3515.7  3530.1  3573.6  3646.4  3749.3 ! HKFT =  0.00 KFT / DISA = 10.00 C 
  3500.6  3514.1  3557.0  3628.8  3724.1 ! HKFT =  0.00 KFT / DISA = 15.00 C 
  3279.8  3290.0  3331.6  3400.7  3496.1 ! HKFT =  0.00 KFT / DISA = 20.00 C 
  3053.1  3066.2  3105.9  3172.0  3264.6 ! HKFT =  0.00 KFT / DISA = 25.00 C 
  2830.9  2843.5  2881.6  2945.0  3033.7 ! HKFT =  0.00 KFT / DISA = 30.00 C 
  3067.7  3081.6  3123.1  3187.5  3284.8 ! HKFT =  5.00 KFT / DISA =  0.00 C 
  3064.8  3078.4  3119.2  3187.2  3282.9 ! HKFT =  5.00 KFT / DISA =  5.00 C 
  3065.2  3078.6  3118.9  3183.4  3279.7 ! HKFT =  5.00 KFT / DISA = 10.00 C 
  3046.7  3059.7  3099.0  3164.7  3257.0 ! HKFT =  5.00 KFT / DISA = 15.00 C 
  2845.0  2857.6  2895.7  2959.3  3048.3 ! HKFT =  5.00 KFT / DISA = 20.00 C 
  2650.4  2662.6  2699.3  2760.5  2845.0 ! HKFT =  5.00 KFT / DISA = 25.00 C 
  2453.4  2465.2  2500.3  2559.0  2641.0 ! HKFT =  5.00 KFT / DISA = 30.00 C 
  2637.7  2650.7  2689.7  2754.7  2840.2 ! HKFT = 10.00 KFT / DISA =  0.00 C 
  2635.3  2648.1  2686.3  2749.9  2838.7 ! HKFT = 10.00 KFT / DISA =  5.00 C 
  2633.4  2648.5  2685.8  2747.9  2834.7 ! HKFT = 10.00 KFT / DISA = 10.00 C 
  2617.8  2630.1  2666.7  2727.7  2812.7 ! HKFT = 10.00 KFT / DISA = 15.00 C 
  2436.4  2448.0  2482.7  2540.8  2622.4 ! HKFT = 10.00 KFT / DISA = 20.00 C 
  2264.3  2275.7  2309.4  2365.1  2443.3 ! HKFT = 10.00 KFT / DISA = 25.00 C 
  2092.0  2102.9  2135.5  2189.7  2265.5 ! HKFT = 10.00 KFT / DISA = 30.00 C 
  2216.4  2228.5  2264.9  2325.5  2410.3 ! HKFT = 15.00 KFT / DISA =  0.00 C 
  2214.0  2225.9  2261.9  2321.1  2404.0 ! HKFT = 15.00 KFT / DISA =  5.00 C 
  2219.2  2230.9  2260.9  2319.0  2400.3 ! HKFT = 15.00 KFT / DISA = 10.00 C 
  2198.7  2210.1  2244.2  2300.6  2379.7 ! HKFT = 15.00 KFT / DISA = 15.00 C 
  2039.2  2049.9  2082.0  2135.6  2210.6 ! HKFT = 15.00 KFT / DISA = 20.00 C 
  1883.8  1894.1  1925.0  1976.6  2049.1 ! HKFT = 15.00 KFT / DISA = 25.00 C 
  1731.6  1741.7  1772.0  1822.3  1892.0 ! HKFT = 15.00 KFT / DISA = 30.00 C 
DFC6- ENGINE FUEL FLOW [LB/H]
  1486.3  1489.4  1500.3  1516.1  1539.5 ! HKFT =  0.00 KFT / DISA =  0.00 C 
  1496.0  1499.2  1509.0  1524.5  1547.6 ! HKFT =  0.00 KFT / DISA =  5.00 C 
  1505.9  1509.0  1518.6  1534.6  1557.0 ! HKFT =  0.00 KFT / DISA = 10.00 C 
  1510.4  1513.3  1522.8  1538.7  1560.1 ! HKFT =  0.00 KFT / DISA = 15.00 C 
  1446.9  1448.8  1458.0  1473.4  1494.4 ! HKFT =  0.00 KFT / DISA = 20.00 C 
  1381.6  1384.5  1393.4  1408.1  1428.6 ! HKFT =  0.00 KFT / DISA = 25.00 C 
  1317.6  1320.5  1329.1  1343.3  1363.1 ! HKFT =  0.00 KFT / DISA = 30.00 C 
  1294.7  1297.8  1307.0  1320.7  1342.0 ! HKFT =  5.00 KFT / DISA =  0.00 C 
  1302.7  1305.7  1314.8  1330.0  1351.1 ! HKFT =  5.00 KFT / DISA =  5.00 C 
  1311.7  1314.7  1323.8  1338.0  1359.6 ! HKFT =  5.00 KFT / DISA = 10.00 C 
  1314.5  1317.5  1326.3  1341.1  1361.7 ! HKFT =  5.00 KFT / DISA = 15.00 C 
  1256.2  1259.1  1267.8  1282.2  1302.1 ! HKFT =  5.00 KFT / DISA = 20.00 C 
  1199.9  1202.7  1211.1  1225.0  1244.0 ! HKFT =  5.00 KFT / DISA = 25.00 C 
  1143.0  1145.7  1153.8  1167.2  1185.8 ! HKFT =  5.00 KFT / DISA = 30.00 C 
  1115.3  1118.2  1127.1  1141.7  1160.3 ! HKFT = 10.00 KFT / DISA =  0.00 C 
  1122.6  1125.6  1134.3  1148.7  1168.8 ! HKFT = 10.00 KFT / DISA =  5.00 C 
  1130.1  1133.9  1142.4  1156.6  1176.3 ! HKFT = 10.00 KFT / DISA = 10.00 C 
  1133.0  1135.9  1144.4  1158.4  1177.8 ! HKFT = 10.00 KFT / DISA = 15.00 C 
  1080.5  1083.2  1091.3  1104.7  1123.4 ! HKFT = 10.00 KFT / DISA = 20.00 C 
  1030.4  1033.0  1040.9  1053.9  1071.9 ! HKFT = 10.00 KFT / DISA = 25.00 C 
   980.3   982.9   990.6  1003.3  1020.8 ! HKFT = 10.00 KFT / DISA = 30.00 C 
   945.8   948.6   957.0   971.1   990.5 ! HKFT = 15.00 KFT / DISA =  0.00 C 
   952.3   955.1   963.6   977.4   996.6 ! HKFT = 15.00 KFT / DISA =  5.00 C 
   961.4   964.2   970.8   984.4  1003.4 ! HKFT = 15.00 KFT / DISA = 10.00 C 
   961.7   964.4   972.6   985.9  1004.5 ! HKFT = 15.00 KFT / DISA = 15.00 C 
   915.2   917.8   925.5   938.2   955.9 ! HKFT = 15.00 KFT / DISA = 20.00 C 
   869.8   872.3   879.7   892.1   909.3 ! HKFT = 15.00 KFT / DISA = 25.00 C 
   825.2   827.6   835.0   847.1   863.8 ! HKFT = 15.00 KFT / DISA = 30.00 C 
DRES6- ENGINE RESIDUAL NET JET THRUST [LBF]
   267.8   216.6   167.5   119.0    71.0 ! HKFT =  0.00 KFT / DISA =  0.00 C 
   265.9   215.3   166.5   118.7    71.3 ! HKFT =  0.00 KFT / DISA =  5.00 C 
   264.1   214.1   165.9   118.7    71.8 ! HKFT =  0.00 KFT / DISA = 10.00 C 
   261.3   211.9   164.3   117.7    70.9 ! HKFT =  0.00 KFT / DISA = 15.00 C 
   243.1   195.1   149.3   104.3    59.5 ! HKFT =  0.00 KFT / DISA = 20.00 C 
   224.4   178.9   134.8    91.4    48.3 ! HKFT =  0.00 KFT / DISA = 25.00 C 
   206.8   163.1   120.8    79.2    37.6 ! HKFT =  0.00 KFT / DISA = 30.00 C 
   236.4   192.0   149.4   107.5    66.3 ! HKFT =  5.00 KFT / DISA =  0.00 C 
   234.4   190.6   148.5   107.4    66.7 ! HKFT =  5.00 KFT / DISA =  5.00 C 
   232.7   189.5   147.9   107.1    67.0 ! HKFT =  5.00 KFT / DISA = 10.00 C 
   229.6   187.0   145.9   105.9    66.2 ! HKFT =  5.00 KFT / DISA = 15.00 C 
   212.5   171.5   132.0    93.4    55.1 ! HKFT =  5.00 KFT / DISA = 20.00 C 
   196.4   157.0   119.1    81.9    44.8 ! HKFT =  5.00 KFT / DISA = 25.00 C 
   180.4   142.8   106.4    70.6    35.0 ! HKFT =  5.00 KFT / DISA = 30.00 C 
   205.5   167.4   131.1    95.7    60.5 ! HKFT = 10.00 KFT / DISA =  0.00 C 
   203.7   166.2   130.3    95.3    60.8 ! HKFT = 10.00 KFT / DISA =  5.00 C 
   202.0   165.2   129.7    95.1    61.0 ! HKFT = 10.00 KFT / DISA = 10.00 C 
   199.3   162.8   127.8    93.8    60.2 ! HKFT = 10.00 KFT / DISA = 15.00 C 
   183.6   148.6   114.9    82.1    49.6 ! HKFT = 10.00 KFT / DISA = 20.00 C 
   169.1   135.5   103.1    71.6    40.2 ! HKFT = 10.00 KFT / DISA = 25.00 C 
   154.9   122.7    91.8    61.5    31.4 ! HKFT = 10.00 KFT / DISA = 30.00 C 
   174.3   142.1   111.6    82.0    52.9 ! HKFT = 15.00 KFT / DISA =  0.00 C 
   172.7   141.0   110.8    81.6    52.9 ! HKFT = 15.00 KFT / DISA =  5.00 C 
   171.8   140.4   110.3    81.4    53.0 ! HKFT = 15.00 KFT / DISA = 10.00 C 
   168.9   138.0   108.7    80.2    52.1 ! HKFT = 15.00 KFT / DISA = 15.00 C 
   154.8   125.3    97.0    69.6    42.5 ! HKFT = 15.00 KFT / DISA = 20.00 C 
   141.5   113.2    86.2    59.8    33.8 ! HKFT = 15.00 KFT / DISA = 25.00 C 
   128.9   101.9    76.1    50.8    25.7 ! HKFT = 15.00 KFT / DISA = 30.00 C 
