                                     ======================
                                        ALPSO 1.1 (Serial)
                                     ======================

Parameters:
-------------------------------------------------------------------------------------------------
Swarmsize           :       40    MaxOuterIters     :      200    Seed:       1538009467.19499993
Cognitive Parameter :    2.000    MaxInnerIters     :        6    Scaling            :          1
Social Parameter    :    1.000    MinInnerIters     :        6    Stopping Criteria  :          1
Initial Weight      :    0.990    DynInnerIters     :        0    Number of Failures :         15
Final Weight        :    0.550    StoppingIters     :        5    Number of Successes:          5

Absolute Tolerance  : 1.00e-02    Number Initial Pos:        0    Neighbourhood Model:      gbest
Relative Tolerance  : 1.00e-02    Initial Velocity  :        1    Neighbourhood Size :         40
Inequality Tolerance: 1.00e-03    Maximum Velocity  :        2    Selfless           :          1
Equality Tolerance  : 1.00e-03    Craziness Velocity: 1.00e-04    Fileout            :          1
Global Distance     : 1.00e-01    Initial Penalty   :     1.00    File Name          :  ALPSO.out
-------------------------------------------------------------------------------------------------


================================================================================

NUMBER OF ITERATIONS: 1

NUMBER OF OBJECTIVE FUNCTION EVALUATIONS: 280

OBJECTIVE FUNCTION VALUE:
	F = 1.021440092873707

EQUALITY CONSTRAINTS VALUES:
	H(0) = -0.2587594954802298
	H(1) = 0.1225562963832672

INEQUALITY CONSTRAINTS VALUES:
	G(2) = 0.03787802495403682
	G(3) = 1.000000000006551e-05
	G(4) = -0.4119214321720756
	G(5) = 0.1381746417111344
	G(6) = -0.1181746417111299
	G(7) = -0.1260556946883618
	G(8) = -0.004602828795189941
	G(9) = 0.04126210165967223
	G(10) = -0.1317592817120203
	G(11) = -10.61886378192685

LAGRANGIAN MULTIPLIERS VALUES:
	L(0) = 0
	L(1) = 0
	L(2) = 0
	L(3) = 0
	L(4) = 0
	L(5) = 0
	L(6) = 0
	L(7) = 0
	L(8) = 0
	L(9) = 0
	L(10) = 0
	L(11) = 0

PENALTY FACTOR:
	rp(0) = 1
	rp(1) = 1
	rp(2) = 1
	rp(3) = 1
	rp(4) = 1
	rp(5) = 1
	rp(6) = 1
	rp(7) = 1
	rp(8) = 1
	rp(9) = 1
	rp(10) = 1
	rp(11) = 1

BEST POSITION:
	P(0) = 1.064733124507358		P(1) = 0.7864966257785089		P(2) = 0.6945682587387348	
	P(3) = 0.7106300392118668		P(4) = 0.9668923228547963		P(5) = 1.020690638030876	
	P(6) = 0.8889256287007548	
================================================================================

================================================================================

NUMBER OF ITERATIONS: 2

NUMBER OF OBJECTIVE FUNCTION EVALUATIONS: 520

OBJECTIVE FUNCTION VALUE:
	F = 1.016956506370912

EQUALITY CONSTRAINTS VALUES:
	H(0) = 0.04024878286475723
	H(1) = 0.03100915501388226

INEQUALITY CONSTRAINTS VALUES:
	G(2) = 0.03762931203218075
	G(3) = 1.000000000006551e-05
	G(4) = -0.455369258101839
	G(5) = 0.01547584424235993
	G(6) = 0.004524155757644621
	G(7) = -0.1594799410615718
	G(8) = -0.004532569048378565
	G(9) = 0.05638733074465108
	G(10) = -0.3418275961690233
	G(11) = -12.2306698007739

LAGRANGIAN MULTIPLIERS VALUES:
	L(0) = -0.5175189909604596
	L(1) = 0.2451125927665344
	L(2) = 0.07575604990807365
	L(3) = 2.000000000013102e-05
	L(4) = 0
	L(5) = 0.2763492834222688
	L(6) = 0
	L(7) = 0
	L(8) = 0
	L(9) = 0.08252420331934446
	L(10) = 0
	L(11) = 0

PENALTY FACTOR:
	rp(0) = 11.3745218686376
	rp(1) = 7.828036036684654
	rp(2) = 4.351897571981493
	rp(3) = 1
	rp(4) = 1
	rp(5) = 8.311878298890523
	rp(6) = 1
	rp(7) = 1
	rp(8) = 1
	rp(9) = 4.542141656733761
	rp(10) = 1
	rp(11) = 1

BEST POSITION:
	P(0) = 1.066276254745814		P(1) = 0.7883046478093675		P(2) = 0.6923076923076923	
	P(3) = 0.7246859793795437		P(4) = 0.9659205214730631		P(5) = 1.017554027052824	
	P(6) = 0.9006339891007076	
================================================================================

================================================================================

NUMBER OF ITERATIONS: 3

NUMBER OF OBJECTIVE FUNCTION EVALUATIONS: 760

OBJECTIVE FUNCTION VALUE:
	F = 1.01587583486762

EQUALITY CONSTRAINTS VALUES:
	H(0) = -0.01533292695489945
	H(1) = 0.006761243030607147

INEQUALITY CONSTRAINTS VALUES:
	G(2) = 0.03744142524375412
	G(3) = 1.000000000006551e-05
	G(4) = -0.4380440980708113
	G(5) = -0.0298961535042281
	G(6) = 0.04989615350423264
	G(7) = -0.1471154038214156
	G(8) = -0.00420416283410156
	G(9) = 0.06153176638479181
	G(10) = -0.3764257891339002
	G(11) = -11.90450496805883

LAGRANGIAN MULTIPLIERS VALUES:
	L(0) = 0.398102330801995
	L(1) = 0.7305941585981564
	L(2) = 0.4032738732444364
	L(3) = 4.000000000026205e-05
	L(4) = 0
	L(5) = 0.5336159512524314
	L(6) = 0.009048311515289242
	L(7) = 0
	L(8) = 0
	L(9) = 0.5947626910939525
	L(10) = 0
	L(11) = 0

PENALTY FACTOR:
	rp(0) = 11.3745218686376
	rp(1) = 13.51475266697615
	rp(2) = 10.04084002019299
	rp(3) = 1
	rp(4) = 1
	rp(5) = 11.55006440731427
	rp(6) = 2
	rp(7) = 1
	rp(8) = 1
	rp(9) = 12.19387849592935
	rp(10) = 1
	rp(11) = 1

BEST POSITION:
	P(0) = 1.066581558452183		P(1) = 0.7895639745932208		P(2) = 0.6923076923076923	
	P(3) = 0.7284499569643709		P(4) = 0.9671057400355734		P(5) = 1.016865489372698	
	P(6) = 0.8997952017742513	
================================================================================

================================================================================

NUMBER OF ITERATIONS: 4

NUMBER OF OBJECTIVE FUNCTION EVALUATIONS: 1000

OBJECTIVE FUNCTION VALUE:
	F = 1.012592231618503

EQUALITY CONSTRAINTS VALUES:
	H(0) = -0.001325383903815236
	H(1) = 0.02434165710246452

INEQUALITY CONSTRAINTS VALUES:
	G(2) = 0.03719351396153369
	G(3) = 1.000000000006551e-05
	G(4) = -0.5103068844386029
	G(5) = 0.02049987029602107
	G(6) = -0.0004998702960165247
	G(7) = -0.1234504033422681
	G(8) = -0.003876401960078622
	G(9) = 0.02008036091993745
	G(10) = -0.4006435606446212
	G(11) = -11.80314674943729

LAGRANGIAN MULTIPLIERS VALUES:
	L(0) = 0.04929290488454169
	L(1) = 0.9133472131581001
	L(2) = 1.155160595245537
	L(3) = 6.000000000039307e-05
	L(4) = 0
	L(5) = 0
	L(6) = 0.2086329255322198
	L(7) = 0
	L(8) = 0
	L(9) = 2.095384456966075
	L(10) = 0
	L(11) = 0

PENALTY FACTOR:
	rp(0) = 11.3745218686376
	rp(1) = 15.11081742625213
	rp(2) = 16.99382678537663
	rp(3) = 1
	rp(4) = 1
	rp(5) = 5.775032203657133
	rp(6) = 7.222065589777965
	rp(7) = 1
	rp(8) = 1
	rp(9) = 24.38775699185869
	rp(10) = 1
	rp(11) = 1

BEST POSITION:
	P(0) = 1.06656456919358		P(1) = 0.7899339884152253		P(2) = 0.6923076923076923	
	P(3) = 0.7577479672633297		P(4) = 0.9681951093021478		P(5) = 1.017582889772319	
	P(6) = 0.9005197639356415	
================================================================================

================================================================================

NUMBER OF ITERATIONS: 5

NUMBER OF OBJECTIVE FUNCTION EVALUATIONS: 1240

OBJECTIVE FUNCTION VALUE:
	F = 1.011045251557851

EQUALITY CONSTRAINTS VALUES:
	H(0) = -0.03552272611209992
	H(1) = -0.01163066546222035

INEQUALITY CONSTRAINTS VALUES:
	G(2) = 0.03707511532441065
	G(3) = 1.000000000006551e-05
	G(4) = -0.4186708981979678
	G(5) = 0.006523176803739261
	G(6) = 0.01347682319626529
	G(7) = -0.1027561457993496
	G(8) = -0.002767445828550267
	G(9) = 0.006560696816777636
	G(10) = -0.3607533484617852
	G(11) = -9.674556888728075

LAGRANGIAN MULTIPLIERS VALUES:
	L(0) = 0.01914168848796834
	L(1) = 1.64899188581365
	L(2) = 2.419280862849119
	L(3) = 8.00000000005241e-05
	L(4) = 0
	L(5) = 0.236774822260632
	L(6) = 0.2014127334037936
	L(7) = 0
	L(8) = 0
	L(9) = 3.074814381814576
	L(10) = 0
	L(11) = 0

PENALTY FACTOR:
	rp(0) = 11.3745218686376
	rp(1) = 30.22163485250426
	rp(2) = 24.59309284559955
	rp(3) = 1
	rp(4) = 1
	rp(5) = 11.55006440731427
	rp(6) = 7.095997699474571
	rp(7) = 1
	rp(8) = 1
	rp(9) = 27.72550442198742
	rp(10) = 1
	rp(11) = 1

BEST POSITION:
	P(0) = 1.066562254659887		P(1) = 0.7894071684349644		P(2) = 0.6923733725461734	
	P(3) = 0.7712276024713123		P(4) = 0.9689609457864966		P(5) = 1.017380589245154	
	P(6) = 0.9008506415181283	
================================================================================

================================================================================

NUMBER OF ITERATIONS: 6

NUMBER OF OBJECTIVE FUNCTION EVALUATIONS: 1480

OBJECTIVE FUNCTION VALUE:
	F = 1.010084539831716

EQUALITY CONSTRAINTS VALUES:
	H(0) = 0.01992613450128192
	H(1) = -0.005177726889731275

INEQUALITY CONSTRAINTS VALUES:
	G(2) = 0.03690990807642289
	G(3) = 1.000000000006551e-05
	G(4) = -0.4464774582488394
	G(5) = 0.01146469788234299
	G(6) = 0.008535302117661559
	G(7) = -0.09619072052303998
	G(8) = -0.002599349435818906
	G(9) = -0.008320048037976448
	G(10) = -0.4091345916450518
	G(11) = -9.521008099759856

LAGRANGIAN MULTIPLIERS VALUES:
	L(0) = -0.7889663615034401
	L(1) = 0.9459964364319375
	L(2) = 4.242864369718203
	L(3) = 0.0001000000000006551
	L(4) = 0
	L(5) = 0.3874610467076057
	L(6) = 0.3926757461976417
	L(7) = 0
	L(8) = 0
	L(9) = 3.43861163902435
	L(10) = 0
	L(11) = 0

PENALTY FACTOR:
	rp(0) = 22.74904373727519
	rp(1) = 30.22163485250426
	rp(2) = 32.56863663756207
	rp(3) = 1
	rp(4) = 1
	rp(5) = 11.55006440731427
	rp(6) = 14.19199539894914
	rp(7) = 1
	rp(8) = 1
	rp(9) = 29.31983816046889
	rp(10) = 1
	rp(11) = 1

BEST POSITION:
	P(0) = 1.06656455257067		P(1) = 0.7901624587563182		P(2) = 0.6923451392725242	
	P(3) = 0.7797828515395437		P(4) = 0.9693447975604312		P(5) = 1.01778275022213	
	P(6) = 0.9025706396674299	
================================================================================

================================================================================

NUMBER OF ITERATIONS: 7

NUMBER OF OBJECTIVE FUNCTION EVALUATIONS: 1720

OBJECTIVE FUNCTION VALUE:
	F = 1.009821494816318

EQUALITY CONSTRAINTS VALUES:
	H(0) = -0.005211890863414738
	H(1) = 0.008828737368952715

INEQUALITY CONSTRAINTS VALUES:
	G(2) = 0.03681932047780794
	G(3) = 1.000000000006551e-05
	G(4) = -0.4698061223296827
	G(5) = 0.009988477681372388
	G(6) = 0.01001152231863216
	G(7) = -0.09497681936228304
	G(8) = -0.002554669852630385
	G(9) = -0.01927823014193336
	G(10) = -0.4369570925047083
	G(11) = -9.431027479487785

LAGRANGIAN MULTIPLIERS VALUES:
	L(0) = 0.117634649065541
	L(1) = 0.6330376935770352
	L(2) = 6.647075138651872
	L(3) = 0.0001200000000007861
	L(4) = 0
	L(5) = 0.6522970446105277
	L(6) = 0.6349416829626291
	L(7) = 0
	L(8) = 0
	L(9) = 2.950726715102758
	L(10) = 0
	L(11) = 0

PENALTY FACTOR:
	rp(0) = 22.74904373727519
	rp(1) = 30.22163485250426
	rp(2) = 40.76479835180064
	rp(3) = 1
	rp(4) = 1
	rp(5) = 23.10012881462853
	rp(6) = 14.19199539894914
	rp(7) = 1
	rp(8) = 1
	rp(9) = 27.16029599941226
	rp(10) = 1
	rp(11) = 1

BEST POSITION:
	P(0) = 1.066511463473877		P(1) = 0.7905606851862743		P(2) = 0.6923658436449243	
	P(3) = 0.7841853778326613		P(4) = 0.9694428082489567		P(5) = 1.018283039784129	
	P(6) = 0.9015793722890958	
================================================================================

================================================================================

NUMBER OF ITERATIONS: 8

NUMBER OF OBJECTIVE FUNCTION EVALUATIONS: 1960

OBJECTIVE FUNCTION VALUE:
	F = 1.009652669033215

EQUALITY CONSTRAINTS VALUES:
	H(0) = 0.001819477488039411
	H(1) = -0.0001664385065851093

INEQUALITY CONSTRAINTS VALUES:
	G(2) = 0.03676764814378885
	G(3) = 1.000000000006551e-05
	G(4) = -0.4586064493887807
	G(5) = 0.0152513957292058
	G(6) = 0.004748604270798751
	G(7) = -0.09339749904170987
	G(8) = -0.002465489977715923
	G(9) = -0.01433337397304513
	G(10) = -0.467090227754361
	G(11) = -9.310349817687785

LAGRANGIAN MULTIPLIERS VALUES:
	L(0) = -0.1194964173459127
	L(1) = 1.166675447523331
	L(2) = 9.648939488108201
	L(3) = 0.0001400000000009172
	L(4) = 0
	L(5) = 1.113767286814016
	L(6) = 0.9191086403276376
	L(7) = 0
	L(8) = 0
	L(9) = 1.903521841103355
	L(10) = 0
	L(11) = 0

PENALTY FACTOR:
	rp(0) = 22.74904373727519
	rp(1) = 60.44326970500852
	rp(2) = 49.11450775511295
	rp(3) = 1
	rp(4) = 1
	rp(5) = 23.10012881462853
	rp(6) = 28.38399079789829
	rp(7) = 1
	rp(8) = 1
	rp(9) = 21.81468451011471
	rp(10) = 1
	rp(11) = 1

BEST POSITION:
	P(0) = 1.066536156981144		P(1) = 0.7910728781476334		P(2) = 0.6923434674411315	
	P(3) = 0.7823437505537746		P(4) = 0.9694927752218251		P(5) = 1.018007477201272	
	P(6) = 0.9020278480139431	
================================================================================

================================================================================

NUMBER OF ITERATIONS: 9

NUMBER OF OBJECTIVE FUNCTION EVALUATIONS: 2200

OBJECTIVE FUNCTION VALUE:
	F = 1.008659940087548

EQUALITY CONSTRAINTS VALUES:
	H(0) = 0.01557283637437649
	H(1) = -0.003821596335277718

INEQUALITY CONSTRAINTS VALUES:
	G(2) = 0.036160324248701
	G(3) = 1.000000000006551e-05
	G(4) = -0.4538327382162061
	G(5) = 0.009274756372224146
	G(6) = 0.0107252436277804
	G(7) = -0.0858797586381975
	G(8) = -0.001927262342756121
	G(9) = -0.009750813686846414
	G(10) = -0.5952939681151475
	G(11) = -8.397201322643523

LAGRANGIAN MULTIPLIERS VALUES:
	L(0) = -0.03671367143712036
	L(1) = 1.146555272437686
	L(2) = 13.26058936789897
	L(3) = 0.0001600000000010482
	L(4) = 0
	L(5) = 1.818385698709075
	L(6) = 1.188677320178062
	L(7) = 0
	L(8) = 0
	L(9) = 1.278165778728417
	L(10) = 0
	L(11) = 0

PENALTY FACTOR:
	rp(0) = 22.74904373727519
	rp(1) = 30.22163485250426
	rp(2) = 57.57731621024674
	rp(3) = 1
	rp(4) = 1
	rp(5) = 46.20025762925707
	rp(6) = 28.38399079789829
	rp(7) = 1
	rp(8) = 1
	rp(9) = 17.87572221428002
	rp(10) = 1
	rp(11) = 1

BEST POSITION:
	P(0) = 1.066666666666667		P(1) = 0.79550806883956		P(2) = 0.6932047337568382	
	P(3) = 0.7816541633045099		P(4) = 0.9700240065596711		P(5) = 1.018179030238818	
	P(6) = 0.9027793616372961	
================================================================================

================================================================================

NUMBER OF ITERATIONS: 10

NUMBER OF OBJECTIVE FUNCTION EVALUATIONS: 2440

OBJECTIVE FUNCTION VALUE:
	F = 1.008394068677554

EQUALITY CONSTRAINTS VALUES:
	H(0) = -0.005122479292789649
	H(1) = -0.00764217534830459

INEQUALITY CONSTRAINTS VALUES:
	G(2) = 0.03602574488930237
	G(3) = 1.000000000006551e-05
	G(4) = -0.45080081223256
	G(5) = 0.006581267821661641
	G(6) = 0.01341873217834291
	G(7) = -0.08357230453495354
	G(8) = -0.001779185593322137
	G(9) = -0.008604357200231333
	G(10) = -0.6617287976686385
	G(11) = -8.152968269514968

LAGRANGIAN MULTIPLIERS VALUES:
	L(0) = 0.6718206001511213
	L(1) = 0.9155654944408229
	L(2) = 17.42461821496398
	L(3) = 0.0001800000000011792
	L(4) = 0
	L(5) = 2.675377966399774
	L(6) = 1.797527753050334
	L(7) = 0
	L(8) = 0
	L(9) = 0.9295601050698848
	L(10) = 0
	L(11) = 0

PENALTY FACTOR:
	rp(0) = 45.49808747455038
	rp(1) = 60.44326970500852
	rp(2) = 66.00117085128866
	rp(3) = 1
	rp(4) = 1
	rp(5) = 46.20025762925707
	rp(6) = 56.76798159579657
	rp(7) = 1
	rp(8) = 1
	rp(9) = 15.24434407468787
	rp(10) = 1
	rp(11) = 1

BEST POSITION:
	P(0) = 1.066593998198708		P(1) = 0.7965596511393693		P(2) = 0.6932412784218049	
	P(3) = 0.7808180650107195		P(4) = 0.9701929066716777		P(5) = 1.018082919437787	
	P(6) = 0.902319691373198	
================================================================================

================================================================================

NUMBER OF ITERATIONS: 11

NUMBER OF OBJECTIVE FUNCTION EVALUATIONS: 2680

OBJECTIVE FUNCTION VALUE:
	F = 1.007594931884486

EQUALITY CONSTRAINTS VALUES:
	H(0) = -0.009880096810422401
	H(1) = -0.007696283111392404

INEQUALITY CONSTRAINTS VALUES:
	G(2) = 0.03562540822017535
	G(3) = 1.000000000006551e-05
	G(4) = -0.462298017542762
	G(5) = 0.0181501363525058
	G(6) = 0.001849863647498751
	G(7) = -0.0783360615000472
	G(8) = -0.001387299168390078
	G(9) = -0.01411747303236552
	G(10) = -0.8751877937373138
	G(11) = -7.496259750413556

LAGRANGIAN MULTIPLIERS VALUES:
	L(0) = 0.2056945782512885
	L(1) = -0.008270636980260648
	L(2) = 22.18010090193155
	L(3) = 0.0002000000000013102
	L(4) = 0
	L(5) = 3.283490504175588
	L(6) = 3.321036435728521
	L(7) = 0
	L(8) = 0
	L(9) = 0.6672245416661959
	L(10) = 0
	L(11) = 0

PENALTY FACTOR:
	rp(0) = 45.49808747455038
	rp(1) = 120.886539410017
	rp(2) = 74.46492614300298
	rp(3) = 1
	rp(4) = 1
	rp(5) = 46.20025762925707
	rp(6) = 113.5359631915931
	rp(7) = 1
	rp(8) = 1
	rp(9) = 12.91534495925482
	rp(10) = 1
	rp(11) = 1

BEST POSITION:
	P(0) = 1.066603124093435		P(1) = 0.7993618296519616		P(2) = 0.6928658841222556	
	P(3) = 0.7807771837539872		P(4) = 0.9704253631337522		P(5) = 1.018298297661547	
	P(6) = 0.902391377321984	
================================================================================

================================================================================

NUMBER OF ITERATIONS: 12

NUMBER OF OBJECTIVE FUNCTION EVALUATIONS: 2920

OBJECTIVE FUNCTION VALUE:
	F = 1.007830113209394

EQUALITY CONSTRAINTS VALUES:
	H(0) = 0.003540295388909726
	H(1) = -0.0001502651866248925

INEQUALITY CONSTRAINTS VALUES:
	G(2) = 0.03560236904440429
	G(3) = 1.000000000006551e-05
	G(4) = -0.4659271777015055
	G(5) = 0.008823692633450264
	G(6) = 0.01117630736655428
	G(7) = -0.08020937498876038
	G(8) = -0.001427374558221482
	G(9) = -0.01423804907480189
	G(10) = -0.8330641831890716
	G(11) = -7.501995877448389

LAGRANGIAN MULTIPLIERS VALUES:
	L(0) = -0.6933564396239607
	L(1) = -1.869024700292234
	L(2) = 27.48578768579093
	L(3) = 0.0002200000000014413
	L(4) = 0
	L(5) = 4.960572455159411
	L(6) = 3.74108853771229
	L(7) = 0
	L(8) = 0
	L(9) = 0.30256047333424
	L(10) = 0
	L(11) = 0

PENALTY FACTOR:
	rp(0) = 90.99617494910076
	rp(1) = 241.7730788200341
	rp(2) = 82.89419112005216
	rp(3) = 1
	rp(4) = 1
	rp(5) = 92.40051525851413
	rp(6) = 113.5359631915931
	rp(7) = 1
	rp(8) = 1
	rp(9) = 8.697132765087584
	rp(10) = 1
	rp(11) = 1

BEST POSITION:
	P(0) = 1.066578189900712		P(1) = 0.799553311953475		P(2) = 0.6932859488413832	
	P(3) = 0.7807628383199898		P(4) = 0.9703909301361593		P(5) = 1.018560253122569	
	P(6) = 0.9025686287773587	
================================================================================

================================================================================

NUMBER OF ITERATIONS: 13

NUMBER OF OBJECTIVE FUNCTION EVALUATIONS: 3160

OBJECTIVE FUNCTION VALUE:
	F = 1.00788690528274

EQUALITY CONSTRAINTS VALUES:
	H(0) = 0.005495887792952999
	H(1) = 0.002117067707345995

INEQUALITY CONSTRAINTS VALUES:
	G(2) = 0.03561178067109134
	G(3) = 1.000000000006551e-05
	G(4) = -0.4707344241147098
	G(5) = 0.01205337668725406
	G(6) = 0.007946623312750489
	G(7) = -0.08090923081457113
	G(8) = -0.00143799109974381
	G(9) = -0.01654295117310085
	G(10) = -0.8603872670167766
	G(11) = -7.508278854623422

LAGRANGIAN MULTIPLIERS VALUES:
	L(0) = -0.04904976246251236
	L(1) = -1.941684853911768
	L(2) = 33.38824685357789
	L(3) = 0.0002400000000015723
	L(4) = 0
	L(5) = 6.591199946786531
	L(6) = 6.278914181286367
	L(7) = 0
	L(8) = 0
	L(9) = 0.05490006709547096
	L(10) = 0
	L(11) = 0

PENALTY FACTOR:
	rp(0) = 90.99617494910076
	rp(1) = 120.886539410017
	rp(2) = 91.36225540886386
	rp(3) = 1
	rp(4) = 1
	rp(5) = 92.40051525851413
	rp(6) = 227.0719263831863
	rp(7) = 1
	rp(8) = 1
	rp(9) = 4.348566382543792
	rp(10) = 1
	rp(11) = 1

BEST POSITION:
	P(0) = 1.066591972916759		P(1) = 0.7994378703687084		P(2) = 0.6930195943867014	
	P(3) = 0.7806141473049204		P(4) = 0.970318735949586		P(5) = 1.018648704459098	
	P(6) = 0.9025658395417374	
================================================================================

================================================================================

NUMBER OF ITERATIONS: 14

NUMBER OF OBJECTIVE FUNCTION EVALUATIONS: 3400

OBJECTIVE FUNCTION VALUE:
	F = 1.007752926160882

EQUALITY CONSTRAINTS VALUES:
	H(0) = 0.004141422604832769
	H(1) = 0.001317431397266773

INEQUALITY CONSTRAINTS VALUES:
	G(2) = 0.0355345521888485
	G(3) = 1.000000000006551e-05
	G(4) = -0.4690665207765369
	G(5) = 0.01181005262885719
	G(6) = 0.008189947371147355
	G(7) = -0.07989713918724632
	G(8) = -0.001370414020746898
	G(9) = -0.01544780190142319
	G(10) = -0.870860006527273
	G(11) = -7.392623990483989

LAGRANGIAN MULTIPLIERS VALUES:
	L(0) = 0.9511597717538443
	L(1) = -1.429834876236256
	L(2) = 39.89539205605126
	L(3) = 0.0002600000000017033
	L(4) = 0
	L(5) = 8.818676379801005
	L(6) = 9.887824309021948
	L(7) = 0
	L(8) = 0
	L(9) = 0
	L(10) = 0
	L(11) = 0

PENALTY FACTOR:
	rp(0) = 181.9923498982015
	rp(1) = 241.7730788200341
	rp(2) = 182.7245108177277
	rp(3) = 1
	rp(4) = 1
	rp(5) = 184.8010305170283
	rp(6) = 227.0719263831863
	rp(7) = 1
	rp(8) = 1
	rp(9) = 2.174283191271896
	rp(10) = 1
	rp(11) = 1

BEST POSITION:
	P(0) = 1.066602339452732		P(1) = 0.8000179195821373		P(2) = 0.6931830752021677	
	P(3) = 0.7805060169135315		P(4) = 0.970385039503401		P(5) = 1.018651266386907	
	P(6) = 0.9025778306870149	
================================================================================

================================================================================

NUMBER OF ITERATIONS: 15

NUMBER OF OBJECTIVE FUNCTION EVALUATIONS: 3640

OBJECTIVE FUNCTION VALUE:
	F = 1.007745490750071

EQUALITY CONSTRAINTS VALUES:
	H(0) = -0.0008216075814852957
	H(1) = 0.0002636206908064196

INEQUALITY CONSTRAINTS VALUES:
	G(2) = 0.03556781760467422
	G(3) = 1.000000000006551e-05
	G(4) = -0.4701750567749764
	G(5) = 0.01235489232435611
	G(6) = 0.007645107675648433
	G(7) = -0.07976735648268232
	G(8) = -0.001383270700867592
	G(9) = -0.01660395277140196
	G(10) = -0.8854680024426671
	G(11) = -7.428540884605026

LAGRANGIAN MULTIPLIERS VALUES:
	L(0) = 2.458574235303938
	L(1) = -0.7927959861335216
	L(2) = 52.88145938771998
	L(3) = 0.0002800000000018343
	L(4) = 0
	L(5) = 13.1836961723473
	L(6) = 13.60723856210863
	L(7) = 0
	L(8) = 0
	L(9) = 0
	L(10) = 0
	L(11) = 0

PENALTY FACTOR:
	rp(0) = 181.9923498982015
	rp(1) = 241.7730788200341
	rp(2) = 182.7245108177277
	rp(3) = 1
	rp(4) = 1
	rp(5) = 184.8010305170283
	rp(6) = 454.1438527663726
	rp(7) = 1
	rp(8) = 1
	rp(9) = 1.087141595635948
	rp(10) = 1
	rp(11) = 1

BEST POSITION:
	P(0) = 1.066569122078985		P(1) = 0.7997675205281201		P(2) = 0.6929984784815009	
	P(3) = 0.7806647311867787		P(4) = 0.9703882232847751		P(5) = 1.018600535265915	
	P(6) = 0.9024543533968294	
================================================================================

================================================================================

NUMBER OF ITERATIONS: 16

NUMBER OF OBJECTIVE FUNCTION EVALUATIONS: 3880

OBJECTIVE FUNCTION VALUE:
	F = 1.007768383365732

EQUALITY CONSTRAINTS VALUES:
	H(0) = -0.01151394676363998
	H(1) = 0.00261043159151086

INEQUALITY CONSTRAINTS VALUES:
	G(2) = 0.03554306359013119
	G(3) = 1.000000000006551e-05
	G(4) = -0.472139997550828
	G(5) = 0.01132827756161987
	G(6) = 0.008671722438384677
	G(7) = -0.08005461487659993
	G(8) = -0.00137357118860202
	G(9) = -0.01710735218919126
	G(10) = -0.8900852716520421
	G(11) = -7.393551117153583

LAGRANGIAN MULTIPLIERS VALUES:
	L(0) = 2.159521646406564
	L(1) = -0.665323214019657
	L(2) = 65.87968353305649
	L(3) = 0.0003000000000019654
	L(4) = 0
	L(5) = 17.75008983928317
	L(6) = 20.55119587137413
	L(7) = 0
	L(8) = 0
	L(9) = 0
	L(10) = 0
	L(11) = 0

PENALTY FACTOR:
	rp(0) = 90.99617494910076
	rp(1) = 120.886539410017
	rp(2) = 365.4490216354554
	rp(3) = 1
	rp(4) = 1
	rp(5) = 369.6020610340565
	rp(6) = 454.1438527663726
	rp(7) = 1
	rp(8) = 1
	rp(9) = 1
	rp(10) = 1
	rp(11) = 1

BEST POSITION:
	P(0) = 1.066616532634927		P(1) = 0.7999143802777858		P(2) = 0.6929816027552466	
	P(3) = 0.7806155488419678		P(4) = 0.9703798332864955		P(5) = 1.018686885435525	
	P(6) = 0.9020849849981906	
================================================================================

================================================================================

NUMBER OF ITERATIONS: 17

NUMBER OF OBJECTIVE FUNCTION EVALUATIONS: 4120

OBJECTIVE FUNCTION VALUE:
	F = 1.007212251261206

EQUALITY CONSTRAINTS VALUES:
	H(0) = -0.002286404125126865
	H(1) = -0.003969554076462373

INEQUALITY CONSTRAINTS VALUES:
	G(2) = 0.0353293742818775
	G(3) = 1.000000000006551e-05
	G(4) = -0.4715653781214155
	G(5) = 0.01423996056651049
	G(6) = 0.005760039433494057
	G(7) = -0.07581078991888254
	G(8) = -0.001136097070067944
	G(9) = -0.01756597184305747
	G(10) = -0.9976163649828413
	G(11) = -7.035996890829592

LAGRANGIAN MULTIPLIERS VALUES:
	L(0) = 0.0640714182889317
	L(1) = -0.03419113109099481
	L(2) = 91.85803916293693
	L(3) = 0.0003200000000020964
	L(4) = 0
	L(5) = 26.12399930876429
	L(6) = 28.42761474795137
	L(7) = 0
	L(8) = 0
	L(9) = 0
	L(10) = 0
	L(11) = 0

PENALTY FACTOR:
	rp(0) = 181.9923498982015
	rp(1) = 241.7730788200341
	rp(2) = 365.4490216354554
	rp(3) = 1
	rp(4) = 1
	rp(5) = 369.6020610340565
	rp(6) = 908.2877055327451
	rp(7) = 1
	rp(8) = 1
	rp(9) = 1
	rp(10) = 1
	rp(11) = 1

BEST POSITION:
	P(0) = 1.066581620942375		P(1) = 0.8014833756702213		P(2) = 0.6928955339967524	
	P(3) = 0.7805811379795036		P(4) = 0.9706228244247819		P(5) = 1.018590223062109	
	P(6) = 0.9026438124848638	
================================================================================

================================================================================

NUMBER OF ITERATIONS: 18

NUMBER OF OBJECTIVE FUNCTION EVALUATIONS: 4360

OBJECTIVE FUNCTION VALUE:
	F = 1.007451967497398

EQUALITY CONSTRAINTS VALUES:
	H(0) = 0.004498070493140403
	H(1) = 0.004029204108486738

INEQUALITY CONSTRAINTS VALUES:
	G(2) = 0.03531746865576142
	G(3) = 1.000000000006551e-05
	G(4) = -0.4792153240732728
	G(5) = 0.01208246819819578
	G(6) = 0.007917531801808764
	G(7) = -0.07802762359257934
	G(8) = -0.001172037391301999
	G(9) = -0.01996021967222987
	G(10) = -1.001692083808503
	G(11) = -7.034903990411622

LAGRANGIAN MULTIPLIERS VALUES:
	L(0) = -0.7681447008086277
	L(1) = -1.953653752308845
	L(2) = 117.6802096955468
	L(3) = 0.0003400000000022274
	L(4) = 0
	L(5) = 36.65023685761622
	L(6) = 38.89116074960427
	L(7) = 0
	L(8) = 0
	L(9) = 0
	L(10) = 0
	L(11) = 0

PENALTY FACTOR:
	rp(0) = 181.9923498982015
	rp(1) = 483.5461576400681
	rp(2) = 365.4490216354554
	rp(3) = 1
	rp(4) = 1
	rp(5) = 739.2041220681131
	rp(6) = 908.2877055327451
	rp(7) = 1
	rp(8) = 1
	rp(9) = 1
	rp(10) = 1
	rp(11) = 1

BEST POSITION:
	P(0) = 1.06661332062458		P(1) = 0.8015238623243874		P(2) = 0.6928518451177161	
	P(3) = 0.7801644885024944		P(4) = 0.9705034075760006		P(5) = 1.018880521178569	
	P(6) = 0.9026179991140483	
================================================================================

================================================================================

NUMBER OF ITERATIONS: 19

NUMBER OF OBJECTIVE FUNCTION EVALUATIONS: 4600

OBJECTIVE FUNCTION VALUE:
	F = 1.007424993254077

EQUALITY CONSTRAINTS VALUES:
	H(0) = -0.001375076793443441
	H(1) = 0.0003901488598639844

INEQUALITY CONSTRAINTS VALUES:
	G(2) = 0.03536238390388185
	G(3) = 1.000000000006551e-05
	G(4) = -0.4736885732040855
	G(5) = 0.01380745752628627
	G(6) = 0.006192542473718277
	G(7) = -0.07761358819344225
	G(8) = -0.001195608786217838
	G(9) = -0.0178040792052343
	G(10) = -0.9747010468229927
	G(11) = -7.099525398732112

LAGRANGIAN MULTIPLIERS VALUES:
	L(0) = 0.8690841373001406
	L(1) = 1.942958577703832
	L(2) = 143.4936784293246
	L(3) = 0.0003600000000023584
	L(4) = 0
	L(5) = 54.51305745134264
	L(6) = 53.27395433709911
	L(7) = 0
	L(8) = 0
	L(9) = 0
	L(10) = 0
	L(11) = 0

PENALTY FACTOR:
	rp(0) = 363.984699796403
	rp(1) = 967.0923152801363
	rp(2) = 365.4490216354554
	rp(3) = 1
	rp(4) = 1
	rp(5) = 739.2041220681131
	rp(6) = 1816.57541106549
	rp(7) = 1
	rp(8) = 1
	rp(9) = 1
	rp(10) = 1
	rp(11) = 1

BEST POSITION:
	P(0) = 1.066607069860727		P(1) = 0.8012345738815854		P(2) = 0.6929335116866477	
	P(3) = 0.7802058758500815		P(4) = 0.9705129795058025		P(5) = 1.018718845827734	
	P(6) = 0.9025249908878216	
================================================================================

================================================================================

NUMBER OF ITERATIONS: 20

NUMBER OF OBJECTIVE FUNCTION EVALUATIONS: 4840

OBJECTIVE FUNCTION VALUE:
	F = 1.007468798260717

EQUALITY CONSTRAINTS VALUES:
	H(0) = -0.001421010725418455
	H(1) = 0.0002270467759954045

INEQUALITY CONSTRAINTS VALUES:
	G(2) = 0.03536949944120423
	G(3) = 1.000000000006551e-05
	G(4) = -0.4720525593869616
	G(5) = 0.01098326538881338
	G(6) = 0.009016734611191169
	G(7) = -0.07780705073167801
	G(8) = -0.001206300758984691
	G(9) = -0.01689033427714776
	G(10) = -0.9611407035570483
	G(11) = -7.113036566951341

LAGRANGIAN MULTIPLIERS VALUES:
	L(0) = -0.1319296904168821
	L(1) = 2.697578506083364
	L(2) = 169.3399756300666
	L(3) = 0.0003800000000024895
	L(4) = 0
	L(5) = 74.92611648876505
	L(6) = 75.77239511656968
	L(7) = 0
	L(8) = 0
	L(9) = 0
	L(10) = 0
	L(11) = 0

PENALTY FACTOR:
	rp(0) = 363.984699796403
	rp(1) = 483.5461576400681
	rp(2) = 730.8980432709109
	rp(3) = 1
	rp(4) = 1
	rp(5) = 1478.408244136226
	rp(6) = 1816.57541106549
	rp(7) = 1
	rp(8) = 1
	rp(9) = 1
	rp(10) = 1
	rp(11) = 1

BEST POSITION:
	P(0) = 1.066592231705315		P(1) = 0.8012124037859832		P(2) = 0.6930391778974272	
	P(3) = 0.780051165719555		P(4) = 0.9705253496568963		P(5) = 1.018703174249125	
	P(6) = 0.9025161497608166	
================================================================================

================================================================================

NUMBER OF ITERATIONS: 21

NUMBER OF OBJECTIVE FUNCTION EVALUATIONS: 5080

OBJECTIVE FUNCTION VALUE:
	F = 1.007406713344406

EQUALITY CONSTRAINTS VALUES:
	H(0) = -0.001046197377600038
	H(1) = -0.001015284795063053

INEQUALITY CONSTRAINTS VALUES:
	G(2) = 0.03536835778947089
	G(3) = 1.000000000006551e-05
	G(4) = -0.47143751160492
	G(5) = 0.01479431576594834
	G(6) = 0.005205684234056207
	G(7) = -0.07740964903209999
	G(8) = -0.001195414299806422
	G(9) = -0.01686838802327202
	G(10) = -0.9686743540247699
	G(11) = -7.105554383285489

LAGRANGIAN MULTIPLIERS VALUES:
	L(0) = -1.166382015014693
	L(1) = 2.91715369835765
	L(2) = 221.0429714961621
	L(3) = 0.0004000000000026205
	L(4) = 0
	L(5) = 107.4016166854806
	L(6) = 108.5315518821558
	L(7) = 0
	L(8) = 0
	L(9) = 0
	L(10) = 0
	L(11) = 0

PENALTY FACTOR:
	rp(0) = 727.9693995928061
	rp(1) = 241.7730788200341
	rp(2) = 1461.796086541822
	rp(3) = 1
	rp(4) = 1
	rp(5) = 1478.408244136226
	rp(6) = 3633.15082213098
	rp(7) = 1
	rp(8) = 1
	rp(9) = 1
	rp(10) = 1
	rp(11) = 1

BEST POSITION:
	P(0) = 1.066582923039933		P(1) = 0.8012239345633307		P(2) = 0.6929972394328153	
	P(3) = 0.780081446960641		P(4) = 0.9705165270160984		P(5) = 1.018659844985593	
	P(6) = 0.9025675462444673	
================================================================================

================================================================================

NUMBER OF ITERATIONS: 22

NUMBER OF OBJECTIVE FUNCTION EVALUATIONS: 5320

OBJECTIVE FUNCTION VALUE:
	F = 1.007456939329382

EQUALITY CONSTRAINTS VALUES:
	H(0) = -0.0007140434117209225
	H(1) = 0.0001931530107394792

INEQUALITY CONSTRAINTS VALUES:
	G(2) = 0.03536271806435945
	G(3) = 1.000000000006551e-05
	G(4) = -0.4726757392520449
	G(5) = 0.01072170472491507
	G(6) = 0.009278295275089476
	G(7) = -0.07772695618293426
	G(8) = -0.001198870554340922
	G(9) = -0.01719412891983211
	G(10) = -0.967762344227067
	G(11) = -7.102111673706531

LAGRANGIAN MULTIPLIERS VALUES:
	L(0) = -2.689581368668828
	L(1) = 2.426216636794527
	L(2) = 324.4456255042811
	L(3) = 0.0004200000000027515
	L(4) = 0
	L(5) = 151.1456934749457
	L(6) = 146.3576237915869
	L(7) = 0
	L(8) = 0
	L(9) = 0
	L(10) = 0
	L(11) = 0

PENALTY FACTOR:
	rp(0) = 727.9693995928061
	rp(1) = 483.5461576400681
	rp(2) = 1461.796086541822
	rp(3) = 1
	rp(4) = 1
	rp(5) = 2956.816488272452
	rp(6) = 3633.15082213098
	rp(7) = 1
	rp(8) = 1
	rp(9) = 1
	rp(10) = 1
	rp(11) = 1

BEST POSITION:
	P(0) = 1.066613246090938		P(1) = 0.801243610418836		P(2) = 0.692982975006484	
	P(3) = 0.7800695456661004		P(4) = 0.9705329062718481		P(5) = 1.018713359276701	
	P(6) = 0.9025424120364594	
================================================================================

================================================================================

NUMBER OF ITERATIONS: 23

NUMBER OF OBJECTIVE FUNCTION EVALUATIONS: 5560

OBJECTIVE FUNCTION VALUE:
	F = 1.007411480440249

EQUALITY CONSTRAINTS VALUES:
	H(0) = -0.0006100915201459429
	H(1) = -0.0002816588283931196

INEQUALITY CONSTRAINTS VALUES:
	G(2) = 0.03535432920746403
	G(3) = 1.000000000006551e-05
	G(4) = -0.4723601164167849
	G(5) = 0.0138426161295456
	G(6) = 0.006157383870458943
	G(7) = -0.07747205985943957
	G(8) = -0.001187288047408544
	G(9) = -0.01714706625496092
	G(10) = -0.9734686912397956
	G(11) = -7.08582932901154

LAGRANGIAN MULTIPLIERS VALUES:
	L(0) = -3.729184876096185
	L(1) = 2.613013429153899
	L(2) = 427.8317912562059
	L(3) = 0.0004400000000028825
	L(4) = 0
	L(5) = 214.5499201009808
	L(6) = 213.7765160049176
	L(7) = 0
	L(8) = 0
	L(9) = 0
	L(10) = 0
	L(11) = 0

PENALTY FACTOR:
	rp(0) = 363.984699796403
	rp(1) = 241.7730788200341
	rp(2) = 1461.796086541822
	rp(3) = 1
	rp(4) = 1
	rp(5) = 2956.816488272452
	rp(6) = 7266.301644261961
	rp(7) = 1
	rp(8) = 1
	rp(9) = 1
	rp(10) = 1
	rp(11) = 1

BEST POSITION:
	P(0) = 1.066596125228117		P(1) = 0.8013153589312269		P(2) = 0.6929882702662994	
	P(3) = 0.7800463058539508		P(4) = 0.9705212919333468		P(5) = 1.018695711985183	
	P(6) = 0.9025651785909179	
================================================================================

================================================================================

NUMBER OF ITERATIONS: 24

NUMBER OF OBJECTIVE FUNCTION EVALUATIONS: 5800

OBJECTIVE FUNCTION VALUE:
	F = 1.007390941689265

EQUALITY CONSTRAINTS VALUES:
	H(0) = 0.006771304781254003
	H(1) = -0.00644987788599974

INEQUALITY CONSTRAINTS VALUES:
	G(2) = 0.03539501908943773
	G(3) = 1.000000000006551e-05
	G(4) = -0.4647512112878576
	G(5) = 0.0120102756254937
	G(6) = 0.007989724374510843
	G(7) = -0.07687004579103274
	G(8) = -0.001197907314785945
	G(9) = -0.01410498507951615
	G(10) = -0.9545807817389504
	G(11) = -7.139489508895712

LAGRANGIAN MULTIPLIERS VALUES:
	L(0) = -4.173312833713489
	L(1) = 2.476818384919003
	L(2) = 531.1934314117702
	L(3) = 0.0004600000000030136
	L(4) = 0
	L(5) = 296.4100713263141
	L(6) = 303.2593330894534
	L(7) = 0
	L(8) = 0
	L(9) = 0
	L(10) = 0
	L(11) = 0

PENALTY FACTOR:
	rp(0) = 181.9923498982015
	rp(1) = 120.886539410017
	rp(2) = 1461.796086541822
	rp(3) = 1
	rp(4) = 1
	rp(5) = 5913.632976544905
	rp(6) = 7266.301644261961
	rp(7) = 1
	rp(8) = 1
	rp(9) = 1
	rp(10) = 1
	rp(11) = 1

BEST POSITION:
	P(0) = 1.066611247333225		P(1) = 0.8010696894716336		P(2) = 0.6930076743393656	
	P(3) = 0.7796498675301814		P(4) = 0.9705735030019045		P(5) = 1.018477220286255	
	P(6) = 0.9029220576994328	
================================================================================

================================================================================

NUMBER OF ITERATIONS: 25

NUMBER OF OBJECTIVE FUNCTION EVALUATIONS: 6040

OBJECTIVE FUNCTION VALUE:
	F = 1.007373524713717

EQUALITY CONSTRAINTS VALUES:
	H(0) = 0.008109953503149882
	H(1) = -0.00354482475383702

INEQUALITY CONSTRAINTS VALUES:
	G(2) = 0.03534912878869693
	G(3) = 1.000000000006551e-05
	G(4) = -0.4677967968988651
	G(5) = 0.01355100776625022
	G(6) = 0.006448992233754325
	G(7) = -0.0770055487949854
	G(8) = -0.001173467727788868
	G(9) = -0.01504653965594798
	G(10) = -0.9648564211494705
	G(11) = -7.077580584662719

LAGRANGIAN MULTIPLIERS VALUES:
	L(0) = -1.708661495678803
	L(1) = 0.9174115504075926
	L(2) = 634.6740321877966
	L(3) = 0.0004800000000031446
	L(4) = 0
	L(5) = 438.4587953189402
	L(6) = 419.3708278088694
	L(7) = 0
	L(8) = 0
	L(9) = 0
	L(10) = 0
	L(11) = 0

PENALTY FACTOR:
	rp(0) = 363.984699796403
	rp(1) = 241.7730788200341
	rp(2) = 2923.592173083644
	rp(3) = 1
	rp(4) = 1
	rp(5) = 5913.632976544905
	rp(6) = 14532.60328852392
	rp(7) = 1
	rp(8) = 1
	rp(9) = 1
	rp(10) = 1
	rp(11) = 1

BEST POSITION:
	P(0) = 1.06661666836297		P(1) = 0.8013863197729947		P(2) = 0.6930629514790041	
	P(3) = 0.7796981533895448		P(4) = 0.9705523266551325		P(5) = 1.018596181914596	
	P(6) = 0.9029040456462371	
================================================================================

================================================================================

NUMBER OF ITERATIONS: 26

NUMBER OF OBJECTIVE FUNCTION EVALUATIONS: 6280

OBJECTIVE FUNCTION VALUE:
	F = 1.007400351999953

EQUALITY CONSTRAINTS VALUES:
	H(0) = 0.008532126415102538
	H(1) = -0.005059143359998416

INEQUALITY CONSTRAINTS VALUES:
	G(2) = 0.0353709306361386
	G(3) = 1.000000000006551e-05
	G(4) = -0.4662659800498727
	G(5) = 0.01150453894686052
	G(6) = 0.008495461053144027
	G(7) = -0.07703525512133318
	G(8) = -0.001185286079817806
	G(9) = -0.01450956922982186
	G(10) = -0.9615405425229802
	G(11) = -7.106539219761362

LAGRANGIAN MULTIPLIERS VALUES:
	L(0) = 4.195136486734793
	L(1) = -0.7966748388176985
	L(2) = 841.3669046917166
	L(3) = 0.0005000000000032756
	L(4) = 0
	L(5) = 598.730168102767
	L(6) = 606.812119296716
	L(7) = 0
	L(8) = 0
	L(9) = 0
	L(10) = 0
	L(11) = 0

PENALTY FACTOR:
	rp(0) = 727.9693995928061
	rp(1) = 241.7730788200341
	rp(2) = 2923.592173083644
	rp(3) = 1
	rp(4) = 1
	rp(5) = 11827.26595308981
	rp(6) = 14532.60328852392
	rp(7) = 1
	rp(8) = 1
	rp(9) = 1
	rp(10) = 1
	rp(11) = 1

BEST POSITION:
	P(0) = 1.066633581726635		P(1) = 0.8012289256589756		P(2) = 0.693003051192862	
	P(3) = 0.7795570615330806		P(4) = 0.9705680096965621		P(5) = 1.018542160027503	
	P(6) = 0.9029442358156893	
================================================================================

================================================================================

NUMBER OF ITERATIONS: 27

NUMBER OF OBJECTIVE FUNCTION EVALUATIONS: 6520

OBJECTIVE FUNCTION VALUE:
	F = 1.007343981330546

EQUALITY CONSTRAINTS VALUES:
	H(0) = -0.006948489219517797
	H(1) = -0.005073558575608331

INEQUALITY CONSTRAINTS VALUES:
	G(2) = 0.03535357441046019
	G(3) = 1.000000000006551e-05
	G(4) = -0.4658102112286974
	G(5) = 0.01417770466216552
	G(6) = 0.005822295337839023
	G(7) = -0.07668928911636534
	G(8) = -0.001165983046358097
	G(9) = -0.01433550810246288
	G(10) = -0.968750094926254
	G(11) = -7.071541292573857

LAGRANGIAN MULTIPLIERS VALUES:
	L(0) = 16.61739037403903
	L(1) = -3.243004171495197
	L(2) = 1048.187256616715
	L(3) = 0.0005200000000034066
	L(4) = 0
	L(5) = 870.8646516871653
	L(6) = 853.7344497736116
	L(7) = 0
	L(8) = 0
	L(9) = 0
	L(10) = 0
	L(11) = 0

PENALTY FACTOR:
	rp(0) = 1455.938799185612
	rp(1) = 483.5461576400681
	rp(2) = 5847.184346167287
	rp(3) = 1
	rp(4) = 1
	rp(5) = 11827.26595308981
	rp(6) = 29065.20657704784
	rp(7) = 1
	rp(8) = 1
	rp(9) = 1
	rp(10) = 1
	rp(11) = 1

BEST POSITION:
	P(0) = 1.066634193892005		P(1) = 0.8013589565340072		P(2) = 0.6930050958211086	
	P(3) = 0.7795101007350125		P(4) = 0.9705661696213677		P(5) = 1.018527942513312	
	P(6) = 0.9024994507399255	
================================================================================

================================================================================

NUMBER OF ITERATIONS: 28

NUMBER OF OBJECTIVE FUNCTION EVALUATIONS: 6760

OBJECTIVE FUNCTION VALUE:
	F = 1.007405316079423

EQUALITY CONSTRAINTS VALUES:
	H(0) = 0.001116526768040785
	H(1) = -0.00406497064098221

INEQUALITY CONSTRAINTS VALUES:
	G(2) = 0.0353578899168696
	G(3) = 1.000000000006551e-05
	G(4) = -0.4670314840855553
	G(5) = 0.010994422698991
	G(6) = 0.009005577301013545
	G(7) = -0.07711104474510791
	G(8) = -0.001178075379242305
	G(9) = -0.01471108110368505
	G(10) = -0.965483937534118
	G(11) = -7.085319180071783

LAGRANGIAN MULTIPLIERS VALUES:
	L(0) = -3.6157597267988
	L(1) = -8.149603681089648
	L(2) = 1461.624990364522
	L(3) = 0.0005400000000035377
	L(4) = 0
	L(5) = 1206.231618974751
	L(6) = 1192.186883267359
	L(7) = 0
	L(8) = 0
	L(9) = 0
	L(10) = 0
	L(11) = 0

PENALTY FACTOR:
	rp(0) = 1455.938799185612
	rp(1) = 967.0923152801363
	rp(2) = 5847.184346167287
	rp(3) = 1
	rp(4) = 1
	rp(5) = 23654.53190617962
	rp(6) = 29065.20657704784
	rp(7) = 1
	rp(8) = 1
	rp(9) = 1
	rp(10) = 1
	rp(11) = 1

BEST POSITION:
	P(0) = 1.066645775538074		P(1) = 0.8013154708795022		P(2) = 0.6929992828975281	
	P(3) = 0.7795034256884797		P(4) = 0.9705679740282596		P(5) = 1.018575232309932	
	P(6) = 0.9027033599640818	
================================================================================

================================================================================

NUMBER OF ITERATIONS: 29

NUMBER OF OBJECTIVE FUNCTION EVALUATIONS: 7000

OBJECTIVE FUNCTION VALUE:
	F = 1.007468144041441

EQUALITY CONSTRAINTS VALUES:
	H(0) = 0.007331009759887821
	H(1) = 0.00708086434829238

INEQUALITY CONSTRAINTS VALUES:
	G(2) = 0.03523100921398545
	G(3) = 1.000000000006551e-05
	G(4) = -0.4793148534458078
	G(5) = 0.01554563568627145
	G(6) = 0.004454364313733095
	G(7) = -0.07850805058946442
	G(8) = -0.001123600176748275
	G(9) = -0.01884577162615187
	G(10) = -1.012224410944491
	G(11) = -6.908608020646462

LAGRANGIAN MULTIPLIERS VALUES:
	L(0) = -0.3645704429590131
	L(1) = -16.01200741855618
	L(2) = 1875.113191235374
	L(3) = 0.0005600000000036687
	L(4) = 0
	L(5) = 1726.367464021367
	L(6) = 1715.684812466422
	L(7) = 0
	L(8) = 0
	L(9) = 0
	L(10) = 0
	L(11) = 0

PENALTY FACTOR:
	rp(0) = 1455.938799185612
	rp(1) = 967.0923152801363
	rp(2) = 11694.36869233457
	rp(3) = 1
	rp(4) = 1
	rp(5) = 23654.53190617962
	rp(6) = 58130.41315409569
	rp(7) = 1
	rp(8) = 1
	rp(9) = 1
	rp(10) = 1
	rp(11) = 1

BEST POSITION:
	P(0) = 1.066630846307275		P(1) = 0.8021925928228449		P(2) = 0.6930454031650507	
	P(3) = 0.7791774312744046		P(4) = 0.9704425635453845		P(5) = 1.019012647849777	
	P(6) = 0.9026352741042766	
================================================================================

================================================================================

NUMBER OF ITERATIONS: 30

NUMBER OF OBJECTIVE FUNCTION EVALUATIONS: 7240

OBJECTIVE FUNCTION VALUE:
	F = 1.007310571399161

EQUALITY CONSTRAINTS VALUES:
	H(0) = -9.282259091196465e-05
	H(1) = 0.006610628165894013

INEQUALITY CONSTRAINTS VALUES:
	G(2) = 0.03512265540270629
	G(3) = 1.000000000006551e-05
	G(4) = -0.4811234336687062
	G(5) = 0.009772427668553973
	G(6) = 0.01022757233145057
	G(7) = -0.07716405306097621
	G(8) = -0.001018918463664635
	G(9) = -0.01966938465452586
	G(10) = -1.066125984756
	G(11) = -6.725891894283632

LAGRANGIAN MULTIPLIERS VALUES:
	L(0) = 20.98243265029914
	L(1) = -2.316308425006877
	L(2) = 2699.122013538139
	L(3) = 0.0005800000000037997
	L(4) = 0
	L(5) = 2461.816934706872
	L(6) = 2233.552888258751
	L(7) = 0
	L(8) = 0
	L(9) = 0
	L(10) = 0
	L(11) = 0

PENALTY FACTOR:
	rp(0) = 2911.877598371224
	rp(1) = 1934.184630560273
	rp(2) = 11694.36869233457
	rp(3) = 1
	rp(4) = 1
	rp(5) = 47309.06381235924
	rp(6) = 58130.41315409569
	rp(7) = 1
	rp(8) = 1
	rp(9) = 1
	rp(10) = 1
	rp(11) = 1

BEST POSITION:
	P(0) = 1.066606832208979		P(1) = 0.8029923797768489		P(2) = 0.6930131338544214	
	P(3) = 0.7789368075349431		P(4) = 0.9705792049275551		P(5) = 1.019051118245266	
	P(6) = 0.9024719396094624	
================================================================================

================================================================================

NUMBER OF ITERATIONS: 31

NUMBER OF OBJECTIVE FUNCTION EVALUATIONS: 7480

OBJECTIVE FUNCTION VALUE:
	F = 1.007243714006863

EQUALITY CONSTRAINTS VALUES:
	H(0) = -0.007529058622683805
	H(1) = 0.006338652811769862

INEQUALITY CONSTRAINTS VALUES:
	G(2) = 0.03510258452513536
	G(3) = 1.000000000006551e-05
	G(4) = -0.4805676920301243
	G(5) = 0.01473878025467457
	G(6) = 0.005261219745329981
	G(7) = -0.07683219001739765
	G(8) = -0.0009976991889724049
	G(9) = -0.01940424360646148
	G(10) = -1.073931084594878
	G(11) = -6.690017041103856

LAGRANGIAN MULTIPLIERS VALUES:
	L(0) = 20.44185660410049
	L(1) = 23.25604236863521
	L(2) = 3520.596577004267
	L(3) = 0.0006000000000039307
	L(4) = 0
	L(5) = 3386.465743053442
	L(6) = 3422.61889863999
	L(7) = 0
	L(8) = 0
	L(9) = 0
	L(10) = 0
	L(11) = 0

PENALTY FACTOR:
	rp(0) = 1455.938799185612
	rp(1) = 1934.184630560273
	rp(2) = 11694.36869233457
	rp(3) = 1
	rp(4) = 1
	rp(5) = 47309.06381235924
	rp(6) = 116260.8263081914
	rp(7) = 1
	rp(8) = 1
	rp(9) = 1
	rp(10) = 1
	rp(11) = 1

BEST POSITION:
	P(0) = 1.066620381245586		P(1) = 0.8031376215652171		P(2) = 0.6930045174678888	
	P(3) = 0.7788384631028709		P(4) = 0.9705561713836987		P(5) = 1.019039178748081	
	P(6) = 0.9022733417843504	
================================================================================

================================================================================

NUMBER OF ITERATIONS: 32

NUMBER OF OBJECTIVE FUNCTION EVALUATIONS: 7720

OBJECTIVE FUNCTION VALUE:
	F = 1.007250901833428

EQUALITY CONSTRAINTS VALUES:
	H(0) = -0.003410686137318408
	H(1) = 0.005932157050279784

INEQUALITY CONSTRAINTS VALUES:
	G(2) = 0.03510877291905863
	G(3) = 1.000000000006551e-05
	G(4) = -0.4804721070930782
	G(5) = 0.01063829900724613
	G(6) = 0.009361700992758414
	G(7) = -0.07671770084488649
	G(8) = -0.001002519899075301
	G(9) = -0.01942776376755319
	G(10) = -1.067562424463103
	G(11) = -6.704393306341117

LAGRANGIAN MULTIPLIERS VALUES:
	L(0) = -1.481840536116191
	L(1) = 47.77629206260106
	L(2) = 4341.601707985809
	L(3) = 0.0006200000000040617
	L(4) = 0
	L(5) = 4781.02153422292
	L(6) = 4645.966408602062
	L(7) = 0
	L(8) = 0
	L(9) = 0
	L(10) = 0
	L(11) = 0

PENALTY FACTOR:
	rp(0) = 2911.877598371224
	rp(1) = 1934.184630560273
	rp(2) = 11694.36869233457
	rp(3) = 1
	rp(4) = 1
	rp(5) = 94618.12762471847
	rp(6) = 116260.8263081914
	rp(7) = 1
	rp(8) = 1
	rp(9) = 1
	rp(10) = 1
	rp(11) = 1

BEST POSITION:
	P(0) = 1.066616353702697		P(1) = 0.8030896109209422		P(2) = 0.6930351204213547	
	P(3) = 0.779072430653397		P(4) = 0.9705998142521916		P(5) = 1.019031026640141	
	P(6) = 0.9024028110520274	
================================================================================

================================================================================

NUMBER OF ITERATIONS: 33

NUMBER OF OBJECTIVE FUNCTION EVALUATIONS: 7960

OBJECTIVE FUNCTION VALUE:
	F = 1.007169008033907

EQUALITY CONSTRAINTS VALUES:
	H(0) = 0.003660443008557195
	H(1) = 0.004501018730428769

INEQUALITY CONSTRAINTS VALUES:
	G(2) = 0.03509997104498613
	G(3) = 1.000000000006551e-05
	G(4) = -0.4800800741239095
	G(5) = 0.01408792001393522
	G(6) = 0.005912079986069329
	G(7) = -0.07617536525195553
	G(8) = -0.0009854547119432615
	G(9) = -0.01948399106016041
	G(10) = -1.074914060105748
	G(11) = -6.690462480389652

LAGRANGIAN MULTIPLIERS VALUES:
	L(0) = -21.3448416527817
	L(1) = 70.7240660480429
	L(2) = 5162.751577687655
	L(3) = 0.0006400000000041928
	L(4) = 0
	L(5) = 6794.173400577981
	L(6) = 6822.764594738679
	L(7) = 0
	L(8) = 0
	L(9) = 0
	L(10) = 0
	L(11) = 0

PENALTY FACTOR:
	rp(0) = 2911.877598371224
	rp(1) = 1934.184630560273
	rp(2) = 23388.73738466915
	rp(3) = 1
	rp(4) = 1
	rp(5) = 94618.12762471847
	rp(6) = 232521.6526163828
	rp(7) = 1
	rp(8) = 1
	rp(9) = 1
	rp(10) = 1
	rp(11) = 1

BEST POSITION:
	P(0) = 1.06661779604316		P(1) = 0.8031471197060679		P(2) = 0.6930038198471647	
	P(3) = 0.7792319950092883		P(4) = 0.9706035661137036		P(5) = 1.018995712987693	
	P(6) = 0.902661741985706	
================================================================================

================================================================================

NUMBER OF ITERATIONS: 34

NUMBER OF OBJECTIVE FUNCTION EVALUATIONS: 8200

OBJECTIVE FUNCTION VALUE:
	F = 1.007132337975186

EQUALITY CONSTRAINTS VALUES:
	H(0) = -0.001473834962147521
	H(1) = 0.001866212456410722

INEQUALITY CONSTRAINTS VALUES:
	G(2) = 0.03510495103572506
	G(3) = 1.000000000006551e-05
	G(4) = -0.4771901399742797
	G(5) = 0.01119289026214574
	G(6) = 0.008807109737858809
	G(7) = -0.0756344163570855
	G(8) = -0.0009763760227025284
	G(9) = -0.01840051966718875
	G(10) = -1.072553005980535
	G(11) = -6.691295501882996

LAGRANGIAN MULTIPLIERS VALUES:
	L(0) = -0.02731765931716978
	L(1) = 88.13566854856137
	L(2) = 6804.639587648999
	L(3) = 0.0006600000000043238
	L(4) = 0
	L(5) = 9460.118628268678
	L(6) = 9572.137812260842
	L(7) = 0
	L(8) = 0
	L(9) = 0
	L(10) = 0
	L(11) = 0

PENALTY FACTOR:
	rp(0) = 5823.755196742449
	rp(1) = 1934.184630560273
	rp(2) = 23388.73738466915
	rp(3) = 1
	rp(4) = 1
	rp(5) = 189236.2552494369
	rp(6) = 232521.6526163828
	rp(7) = 1
	rp(8) = 1
	rp(9) = 1
	rp(10) = 1
	rp(11) = 1

BEST POSITION:
	P(0) = 1.066635248363048		P(1) = 0.8031202433062127		P(2) = 0.6929927857894937	
	P(3) = 0.7791827347271749		P(4) = 0.9706627181835141		P(5) = 1.01890442982467	
	P(6) = 0.9025773858021254	
================================================================================

================================================================================

NUMBER OF ITERATIONS: 35

NUMBER OF OBJECTIVE FUNCTION EVALUATIONS: 8440

OBJECTIVE FUNCTION VALUE:
	F = 1.007138793179393

EQUALITY CONSTRAINTS VALUES:
	H(0) = 0.009461294097145584
	H(1) = 0.005669566522836248

INEQUALITY CONSTRAINTS VALUES:
	G(2) = 0.03497942002556269
	G(3) = 1.000000000006551e-05
	G(4) = -0.4802143112019235
	G(5) = 0.01382123920166123
	G(6) = 0.006178760798343319
	G(7) = -0.07610533114644405
	G(8) = -0.0008928102995916717
	G(9) = -0.01861759765932675
	G(10) = -1.1202466156437
	G(11) = -6.494704862225117

LAGRANGIAN MULTIPLIERS VALUES:
	L(0) = -17.19382569921184
	L(1) = 95.35486744966087
	L(2) = 8446.760549001483
	L(3) = 0.0006800000000044548
	L(4) = 0
	L(5) = 13696.31990552137
	L(6) = 13667.82523430238
	L(7) = 0
	L(8) = 0
	L(9) = 0
	L(10) = 0
	L(11) = 0

PENALTY FACTOR:
	rp(0) = 5823.755196742449
	rp(1) = 1934.184630560273
	rp(2) = 46777.4747693383
	rp(3) = 1
	rp(4) = 1
	rp(5) = 189236.2552494369
	rp(6) = 465043.3052327655
	rp(7) = 1
	rp(8) = 1
	rp(9) = 1
	rp(10) = 1
	rp(11) = 1

BEST POSITION:
	P(0) = 1.066627215773022		P(1) = 0.8040782649584038		P(2) = 0.6930587023263211	
	P(3) = 0.7777937065074613		P(4) = 0.9706101747222134		P(5) = 1.019098122434175	
	P(6) = 0.9028247085990989	
================================================================================

================================================================================

NUMBER OF ITERATIONS: 36

NUMBER OF OBJECTIVE FUNCTION EVALUATIONS: 8680

OBJECTIVE FUNCTION VALUE:
	F = 1.007377082408252

EQUALITY CONSTRAINTS VALUES:
	H(0) = 0.006692231122149678
	H(1) = 0.004673300022241165

INEQUALITY CONSTRAINTS VALUES:
	G(2) = 0.03505583451740261
	G(3) = 1.000000000006551e-05
	G(4) = -0.4771603315105585
	G(5) = 0.008129154831203777
	G(6) = 0.01187084516880077
	G(7) = -0.07754631788578763
	G(8) = -0.0009594264954723049
	G(9) = -0.01718265092099045
	G(10) = -1.105285361816586
	G(11) = -6.597029244730111

LAGRANGIAN MULTIPLIERS VALUES:
	L(0) = 93.00669563310865
	L(1) = 117.2868443104787
	L(2) = 11719.25842438517
	L(3) = 0.0007000000000045858
	L(4) = 0
	L(5) = 18927.27900437955
	L(6) = 19414.60792211081
	L(7) = 0
	L(8) = 0
	L(9) = 0
	L(10) = 0
	L(11) = 0

PENALTY FACTOR:
	rp(0) = 11647.5103934849
	rp(1) = 3868.369261120545
	rp(2) = 46777.4747693383
	rp(3) = 1
	rp(4) = 1
	rp(5) = 378472.5104988739
	rp(6) = 465043.3052327655
	rp(7) = 1
	rp(8) = 1
	rp(9) = 1
	rp(10) = 1
	rp(11) = 1

BEST POSITION:
	P(0) = 1.066631325239473		P(1) = 0.8035640751817881		P(2) = 0.6929444283686512	
	P(3) = 0.776738366482336		P(4) = 0.9705676678919904		P(5) = 1.019029661067582	
	P(6) = 0.9027094430170851	
================================================================================

================================================================================

NUMBER OF ITERATIONS: 37

NUMBER OF OBJECTIVE FUNCTION EVALUATIONS: 8920

OBJECTIVE FUNCTION VALUE:
	F = 1.00726655656986

EQUALITY CONSTRAINTS VALUES:
	H(0) = -5.716391687019496e-05
	H(1) = 0.005348940609386773

INEQUALITY CONSTRAINTS VALUES:
	G(2) = 0.03509389077564139
	G(3) = 1.000000000006551e-05
	G(4) = -0.4791586316118355
	G(5) = 0.0181871841195516
	G(6) = 0.001812815880452945
	G(7) = -0.07709190272121376
	G(8) = -0.0009872675256973676
	G(9) = -0.01863021367822512
	G(10) = -1.087583216721177
	G(11) = -6.667008204804406

LAGRANGIAN MULTIPLIERS VALUES:
	L(0) = 248.9023587347916
	L(1) = 153.4429446185421
	L(2) = 14998.90525369697
	L(3) = 0.0007200000000047169
	L(4) = 0
	L(5) = 25080.60227877904
	L(6) = 30455.52206852184
	L(7) = 0
	L(8) = 0
	L(9) = 0
	L(10) = 0
	L(11) = 0

PENALTY FACTOR:
	rp(0) = 11647.5103934849
	rp(1) = 3868.369261120545
	rp(2) = 93554.94953867659
	rp(3) = 1
	rp(4) = 1
	rp(5) = 378472.5104988739
	rp(6) = 930086.610465531
	rp(7) = 1
	rp(8) = 1
	rp(9) = 1
	rp(10) = 1
	rp(11) = 1

BEST POSITION:
	P(0) = 1.066630903369936		P(1) = 0.8032263285624828		P(2) = 0.6929309352316679	
	P(3) = 0.7780362633984041		P(4) = 0.9705084153900663		P(5) = 1.019018206107823	
	P(6) = 0.9025123359716793	
================================================================================

================================================================================

NUMBER OF ITERATIONS: 38

NUMBER OF OBJECTIVE FUNCTION EVALUATIONS: 9160

OBJECTIVE FUNCTION VALUE:
	F = 1.007176138556136

EQUALITY CONSTRAINTS VALUES:
	H(0) = 0.002508518383125193
	H(1) = 0.004468711766359774

INEQUALITY CONSTRAINTS VALUES:
	G(2) = 0.03501093259634251
	G(3) = 1.000000000006551e-05
	G(4) = -0.4804132640603325
	G(5) = 0.009404488272480194
	G(6) = 0.01059551172752435
	G(7) = -0.0761259281574123
	G(8) = -0.000907323696269155
	G(9) = -0.01916444032400704
	G(10) = -1.12953179741151
	G(11) = -6.529397489767107

LAGRANGIAN MULTIPLIERS VALUES:
	L(0) = 247.5707241030358
	L(1) = 194.8262994843645
	L(2) = 21565.31961495889
	L(3) = 0.0007400000000048479
	L(4) = 0
	L(5) = 38847.30074404293
	L(6) = 33827.67362381898
	L(7) = 0
	L(8) = 0
	L(9) = 0
	L(10) = 0
	L(11) = 0

PENALTY FACTOR:
	rp(0) = 5823.755196742449
	rp(1) = 7736.73852224109
	rp(2) = 187109.8990773532
	rp(3) = 1
	rp(4) = 1
	rp(5) = 756945.0209977478
	rp(6) = 930086.610465531
	rp(7) = 1
	rp(8) = 1
	rp(9) = 1
	rp(10) = 1
	rp(11) = 1

BEST POSITION:
	P(0) = 1.066623029772821		P(1) = 0.803838301317064		P(2) = 0.6928902318031283	
	P(3) = 0.7777668153955478		P(4) = 0.9706475894491398		P(5) = 1.019048140225581	
	P(6) = 0.9026381743143014	
================================================================================

================================================================================

NUMBER OF ITERATIONS: 39

NUMBER OF OBJECTIVE FUNCTION EVALUATIONS: 9400

OBJECTIVE FUNCTION VALUE:
	F = 1.006986506375517

EQUALITY CONSTRAINTS VALUES:
	H(0) = -0.02491289208432499
	H(1) = 0.003454736417897948

INEQUALITY CONSTRAINTS VALUES:
	G(2) = 0.03495185331815464
	G(3) = 1.000000000006551e-05
	G(4) = -0.4797934825439484
	G(5) = 0.01386527143311014
	G(6) = 0.00613472856689441
	G(7) = -0.07481588164822846
	G(8) = -0.0008406793949265433
	G(9) = -0.0190763617000016
	G(10) = -1.155202365066671
	G(11) = -6.422446425901216

LAGRANGIAN MULTIPLIERS VALUES:
	L(0) = 276.7887180427344
	L(1) = 263.9728084195398
	L(2) = 34667.10374437021
	L(3) = 0.0007600000000049789
	L(4) = 0
	L(5) = 53084.66188981412
	L(6) = 53537.1608014208
	L(7) = 0
	L(8) = 0
	L(9) = 0
	L(10) = 0
	L(11) = 0

PENALTY FACTOR:
	rp(0) = 11647.5103934849
	rp(1) = 7736.73852224109
	rp(2) = 187109.8990773532
	rp(3) = 1
	rp(4) = 1
	rp(5) = 756945.0209977478
	rp(6) = 1860173.220931062
	rp(7) = 1
	rp(8) = 1
	rp(9) = 1
	rp(10) = 1
	rp(11) = 1

BEST POSITION:
	P(0) = 1.066643903178183		P(1) = 0.8042579253187085		P(2) = 0.6928595608576782	
	P(3) = 0.7778763568899412		P(4) = 0.9706911249049083		P(5) = 1.019011411923201	
	P(6) = 0.9018958654033418	
================================================================================

================================================================================

NUMBER OF ITERATIONS: 40

NUMBER OF OBJECTIVE FUNCTION EVALUATIONS: 9640

OBJECTIVE FUNCTION VALUE:
	F = 1.00703713125949

EQUALITY CONSTRAINTS VALUES:
	H(0) = 0.01069699545024923
	H(1) = 0.002193069168773946

INEQUALITY CONSTRAINTS VALUES:
	G(2) = 0.03487029555431836
	G(3) = 1.000000000006551e-05
	G(4) = -0.4784581001023344
	G(5) = 0.01229811963671637
	G(6) = 0.007701880363288183
	G(7) = -0.07518089606280257
	G(8) = -0.0007739963073765399
	G(9) = -0.01779420753700151
	G(10) = -1.201889291472271
	G(11) = -6.283927022953248

LAGRANGIAN MULTIPLIERS VALUES:
	L(0) = -303.5576209251516
	L(1) = 317.4295930766203
	L(2) = 47746.77923822294
	L(3) = 0.0007800000000051099
	L(4) = 0
	L(5) = 74075.15824196416
	L(6) = 76360.47639705634
	L(7) = 0
	L(8) = 0
	L(9) = 0
	L(10) = 0
	L(11) = 0

PENALTY FACTOR:
	rp(0) = 23295.0207869698
	rp(1) = 7736.73852224109
	rp(2) = 187109.8990773532
	rp(3) = 1
	rp(4) = 1
	rp(5) = 1513890.041995496
	rp(6) = 1860173.220931062
	rp(7) = 1
	rp(8) = 1
	rp(9) = 1
	rp(10) = 1
	rp(11) = 1

BEST POSITION:
	P(0) = 1.06661967135126		P(1) = 0.8049411852928527		P(2) = 0.6928296155933578	
	P(3) = 0.7759547094709248		P(4) = 0.9706807018368508		P(5) = 1.019050149095354	
	P(6) = 0.9029740556657857	
================================================================================

================================================================================

NUMBER OF ITERATIONS: 41

NUMBER OF OBJECTIVE FUNCTION EVALUATIONS: 9880

OBJECTIVE FUNCTION VALUE:
	F = 1.006966949976841

EQUALITY CONSTRAINTS VALUES:
	H(0) = 0.0054898156150266
	H(1) = -0.0003612098492631049

INEQUALITY CONSTRAINTS VALUES:
	G(2) = 0.03474823979539138
	G(3) = 1.000000000006551e-05
	G(4) = -0.4743736759466219
	G(5) = 0.01344087042268711
	G(6) = 0.006559129577317436
	G(7) = -0.07460412714434561
	G(8) = -0.0006562978479462134
	G(9) = -0.01540879431486246
	G(10) = -1.267532218377837
	G(11) = -6.055085122338678

LAGRANGIAN MULTIPLIERS VALUES:
	L(0) = 194.8158418182028
	L(1) = 351.3639985166056
	L(2) = 60795.93420215491
	L(3) = 0.000800000000005241
	L(4) = 0
	L(5) = 111311.1599485525
	L(6) = 105014.1396022633
	L(7) = 0
	L(8) = 0
	L(9) = 0
	L(10) = 0
	L(11) = 0

PENALTY FACTOR:
	rp(0) = 23295.0207869698
	rp(1) = 7736.73852224109
	rp(2) = 187109.8990773532
	rp(3) = 1
	rp(4) = 1
	rp(5) = 1513890.041995496
	rp(6) = 3720346.441862124
	rp(7) = 1
	rp(8) = 1
	rp(9) = 1
	rp(10) = 1
	rp(11) = 1

BEST POSITION:
	P(0) = 1.066586274166568		P(1) = 0.8059575046394198		P(2) = 0.6928100560928224	
	P(3) = 0.7736614446133638		P(4) = 0.9707051221393818		P(5) = 1.019009665315153	
	P(6) = 0.9029025496986599	
================================================================================

================================================================================

NUMBER OF ITERATIONS: 42

NUMBER OF OBJECTIVE FUNCTION EVALUATIONS: 10120

OBJECTIVE FUNCTION VALUE:
	F = 1.007022716256235

EQUALITY CONSTRAINTS VALUES:
	H(0) = 0.003936582884329255
	H(1) = -0.001282534460049646

INEQUALITY CONSTRAINTS VALUES:
	G(2) = 0.03473364553346672
	G(3) = 1.000000000006551e-05
	G(4) = -0.4714826899333866
	G(5) = 0.01074298471446582
	G(6) = 0.009257015285538728
	G(7) = -0.0748681130185119
	G(8) = -0.0006455052913957628
	G(9) = -0.01373203326733346
	G(10) = -1.26866437947825
	G(11) = -6.024904890787293

LAGRANGIAN MULTIPLIERS VALUES:
	L(0) = 450.5865795555549
	L(1) = 345.7748262057921
	L(2) = 73799.4134846176
	L(3) = 0.000820000000005372
	L(4) = 0
	L(5) = 152007.1597258681
	L(6) = 153818.6083716344
	L(7) = 0
	L(8) = 0
	L(9) = 0
	L(10) = 0
	L(11) = 0

PENALTY FACTOR:
	rp(0) = 23295.0207869698
	rp(1) = 3868.369261120545
	rp(2) = 187109.8990773532
	rp(3) = 1
	rp(4) = 1
	rp(5) = 3027780.083990991
	rp(6) = 3720346.441862124
	rp(7) = 1
	rp(8) = 1
	rp(9) = 1
	rp(10) = 1
	rp(11) = 1

BEST POSITION:
	P(0) = 1.06660164996777		P(1) = 0.8061078228565752		P(2) = 0.692851237493019	
	P(3) = 0.7728072581276655		P(4) = 0.9707113266145557		P(5) = 1.018983216174447	
	P(6) = 0.9028670822934831	
================================================================================

================================================================================

NUMBER OF ITERATIONS: 43

NUMBER OF OBJECTIVE FUNCTION EVALUATIONS: 10360

OBJECTIVE FUNCTION VALUE:
	F = 1.006867178850967

EQUALITY CONSTRAINTS VALUES:
	H(0) = 0.003937739011926169
	H(1) = -0.001684345653102355

INEQUALITY CONSTRAINTS VALUES:
	G(2) = 0.03472740468512094
	G(3) = 1.000000000006551e-05
	G(4) = -0.4733843512459112
	G(5) = 0.01457640443736636
	G(6) = 0.005423595562638184
	G(7) = -0.07385385659463957
	G(8) = -0.0006309212178128472
	G(9) = -0.01505020656617717
	G(10) = -1.268433729210356
	G(11) = -6.025913715011302

LAGRANGIAN MULTIPLIERS VALUES:
	L(0) = 633.9921397957139
	L(1) = 335.8521924426243
	L(2) = 86797.43130532863
	L(3) = 0.000840000000005503
	L(4) = 0
	L(5) = 217061.9500480266
	L(6) = 222697.2161312689
	L(7) = 0
	L(8) = 0
	L(9) = 0
	L(10) = 0
	L(11) = 0

PENALTY FACTOR:
	rp(0) = 23295.0207869698
	rp(1) = 7736.73852224109
	rp(2) = 187109.8990773532
	rp(3) = 1
	rp(4) = 1
	rp(5) = 3027780.083990991
	rp(6) = 7440692.883724248
	rp(7) = 1
	rp(8) = 1
	rp(9) = 1
	rp(10) = 1
	rp(11) = 1

BEST POSITION:
	P(0) = 1.066620005110674		P(1) = 0.806090975446666		P(2) = 0.6928278324802426	
	P(3) = 0.7739609614608474		P(4) = 0.9707426898017172		P(5) = 1.018977829281598	
	P(6) = 0.9029099809517479	
================================================================================

================================================================================

NUMBER OF ITERATIONS: 44

NUMBER OF OBJECTIVE FUNCTION EVALUATIONS: 10600

OBJECTIVE FUNCTION VALUE:
	F = 1.006933069323387

EQUALITY CONSTRAINTS VALUES:
	H(0) = 0.004053553502235446
	H(1) = -0.001463152022693976

INEQUALITY CONSTRAINTS VALUES:
	G(2) = 0.03474160134313672
	G(3) = 1.000000000006551e-05
	G(4) = -0.4730384463262499
	G(5) = 0.01081282100583394
	G(6) = 0.009187178994170608
	G(7) = -0.07419365424040052
	G(8) = -0.0006462027081396912
	G(9) = -0.01485621471938884
	G(10) = -1.263150024419738
	G(11) = -6.045876212809926

LAGRANGIAN MULTIPLIERS VALUES:
	L(0) = 817.451564068678
	L(1) = 309.7895086443717
	L(2) = 99793.11367703139
	L(3) = 0.000860000000005634
	L(4) = 0
	L(5) = 305330.2441513382
	L(6) = 303407.8339455096
	L(7) = 0
	L(8) = 0
	L(9) = 0
	L(10) = 0
	L(11) = 0

PENALTY FACTOR:
	rp(0) = 46590.04157393959
	rp(1) = 15473.47704448218
	rp(2) = 187109.8990773532
	rp(3) = 1
	rp(4) = 1
	rp(5) = 6055560.167981982
	rp(6) = 7440692.883724248
	rp(7) = 1
	rp(8) = 1
	rp(9) = 1
	rp(10) = 1
	rp(11) = 1

BEST POSITION:
	P(0) = 1.066588593101505		P(1) = 0.8060129107230216		P(2) = 0.6928642802321803	
	P(3) = 0.7737925024492177		P(4) = 0.9707542136853972		P(5) = 1.018975042707931	
	P(6) = 0.902892686946942	
================================================================================

================================================================================

NUMBER OF ITERATIONS: 45

NUMBER OF OBJECTIVE FUNCTION EVALUATIONS: 10840

OBJECTIVE FUNCTION VALUE:
	F = 1.00689407183696

EQUALITY CONSTRAINTS VALUES:
	H(0) = 0.002845041832762945
	H(1) = -0.001651464079448488

INEQUALITY CONSTRAINTS VALUES:
	G(2) = 0.03475354963709949
	G(3) = 1.000000000006551e-05
	G(4) = -0.4735027680916369
	G(5) = 0.01431817641523594
	G(6) = 0.005681823584768608
	G(7) = -0.07401092941341325
	G(8) = -0.000652001184205768
	G(9) = -0.01530028946282073
	G(10) = -1.262091481186562
	G(11) = -6.064661549925949

LAGRANGIAN MULTIPLIERS VALUES:
	L(0) = 1195.162016451354
	L(1) = 264.5094101728859
	L(2) = 112794.1087192313
	L(3) = 0.0008800000000057651
	L(4) = 0
	L(5) = 436285.6205242319
	L(6) = 440125.7886723619
	L(7) = 0
	L(8) = 0
	L(9) = 0
	L(10) = 0
	L(11) = 0

PENALTY FACTOR:
	rp(0) = 93180.08314787918
	rp(1) = 15473.47704448218
	rp(2) = 374219.7981547064
	rp(3) = 1
	rp(4) = 1
	rp(5) = 6055560.167981982
	rp(6) = 14881385.7674485
	rp(7) = 1
	rp(8) = 1
	rp(9) = 1
	rp(10) = 1
	rp(11) = 1

BEST POSITION:
	P(0) = 1.066585556111016		P(1) = 0.8059097816868246		P(2) = 0.6928308032550619	
	P(3) = 0.7741049029971179		P(4) = 0.9707349208085266		P(5) = 1.018959773799713	
	P(6) = 0.9028677323841259	
================================================================================
