                                     ======================
                                        ALPSO 1.1 (Serial)
                                     ======================

Parameters:
-------------------------------------------------------------------------------------------------
Swarmsize           :       40    MaxOuterIters     :      200    Seed:       1537981981.06800008
Cognitive Parameter :    2.000    MaxInnerIters     :        6    Scaling            :          1
Social Parameter    :    1.000    MinInnerIters     :        6    Stopping Criteria  :          1
Initial Weight      :    0.990    DynInnerIters     :        0    Number of Failures :         15
Final Weight        :    0.550    StoppingIters     :        5    Number of Successes:          5

Absolute Tolerance  : 1.00e-02    Number Initial Pos:        0    Neighbourhood Model:      gbest
Relative Tolerance  : 1.00e-02    Initial Velocity  :        1    Neighbourhood Size :         40
Inequality Tolerance: 1.00e-03    Maximum Velocity  :        2    Selfless           :          1
Equality Tolerance  : 1.00e-03    Craziness Velocity: 1.00e-04    Fileout            :          1
Global Distance     : 1.00e-01    Initial Penalty   :     1.00    File Name          :  ALPSO.out
-------------------------------------------------------------------------------------------------


================================================================================

NUMBER OF ITERATIONS: 1

NUMBER OF OBJECTIVE FUNCTION EVALUATIONS: 280

OBJECTIVE FUNCTION VALUE:
	F = 0.1024281007287607

EQUALITY CONSTRAINTS VALUES:

INEQUALITY CONSTRAINTS VALUES:
	G(0) = -0.01017688863642252
	G(1) = 0.02017688863642252
	G(2) = 0.0653187758019058
	G(3) = -0.03256337177086399
	G(4) = -0.7019507674526835
	G(5) = 0.1813187447801852
	G(6) = 0.2186812552197921
	G(7) = 0.01214758557322568
	G(8) = -0.004753625477521332
	G(9) = -0.1101399143561218
	G(10) = -0.6709757649449439
	G(11) = -0.7633077720429755

LAGRANGIAN MULTIPLIERS VALUES:
	L(0) = 0
	L(1) = 0
	L(2) = 0
	L(3) = 0
	L(4) = 0
	L(5) = 0
	L(6) = 0
	L(7) = 0
	L(8) = 0
	L(9) = 0
	L(10) = 0
	L(11) = 0

PENALTY FACTOR:
	rp(0) = 1
	rp(1) = 1
	rp(2) = 1
	rp(3) = 1
	rp(4) = 1
	rp(5) = 1
	rp(6) = 1
	rp(7) = 1
	rp(8) = 1
	rp(9) = 1
	rp(10) = 1
	rp(11) = 1

BEST POSITION:
	P(0) = 1.102249723361829		P(1) = 0.8912236967561558		P(2) = 0.7490276229260182	
	P(3) = 1.000665327870076		P(4) = 1.302064273729611	
================================================================================

================================================================================

NUMBER OF ITERATIONS: 2

NUMBER OF OBJECTIVE FUNCTION EVALUATIONS: 520

OBJECTIVE FUNCTION VALUE:
	F = 0.1027942920923463

EQUALITY CONSTRAINTS VALUES:

INEQUALITY CONSTRAINTS VALUES:
	G(0) = 0.006363231657645884
	G(1) = 0.003636768342354117
	G(2) = 0.05646384310633027
	G(3) = -0.0196922459489044
	G(4) = -0.5686154783516781
	G(5) = 0.2067271731909841
	G(6) = 0.1932728268089932
	G(7) = 0.01214758557322568
	G(8) = -0.002335775034582092
	G(9) = -0.03099381093590864
	G(10) = -0.6675388740546514
	G(11) = -0.363430907005657

LAGRANGIAN MULTIPLIERS VALUES:
	L(0) = 0
	L(1) = 0.04035377727284504
	L(2) = 0.1306375516038116
	L(3) = 0
	L(4) = 0
	L(5) = 0.3626374895603703
	L(6) = 0.4373625104395842
	L(7) = 0.02429517114645137
	L(8) = 0
	L(9) = 0
	L(10) = 0
	L(11) = 0

PENALTY FACTOR:
	rp(0) = 1
	rp(1) = 3.176231149996999
	rp(2) = 5.714839271663981
	rp(3) = 1
	rp(4) = 1
	rp(5) = 9.521521537553364
	rp(6) = 10.45660688798695
	rp(7) = 2.464506601048746
	rp(8) = 1
	rp(9) = 1
	rp(10) = 1
	rp(11) = 1

BEST POSITION:
	P(0) = 1.101159757523914		P(1) = 0.9442526379810308		P(2) = 0.7724871757561065	
	P(3) = 1.000588634756853		P(4) = 1.311695864369631	
================================================================================

================================================================================

NUMBER OF ITERATIONS: 3

NUMBER OF OBJECTIVE FUNCTION EVALUATIONS: 760

OBJECTIVE FUNCTION VALUE:
	F = 0.1027942920923463

EQUALITY CONSTRAINTS VALUES:

INEQUALITY CONSTRAINTS VALUES:
	G(0) = 0.006363231657645884
	G(1) = 0.003636768342354117
	G(2) = 0.05646384310633027
	G(3) = -0.0196922459489044
	G(4) = -0.5686154783516781
	G(5) = 0.2067271731909841
	G(6) = 0.1932728268089932
	G(7) = 0.01214758557322568
	G(8) = -0.002335775034582092
	G(9) = -0.03099381093590864
	G(10) = -0.6675388740546514
	G(11) = -0.363430907005657

LAGRANGIAN MULTIPLIERS VALUES:
	L(0) = 0.01272646331529177
	L(1) = 0.06345621106146124
	L(2) = 0.7760011276300711
	L(3) = 0
	L(4) = 0
	L(5) = 4.299351953431329
	L(6) = 4.479318454582836
	L(7) = 0.08417078081048977
	L(8) = 0
	L(9) = 0
	L(10) = 0
	L(11) = 0

PENALTY FACTOR:
	rp(0) = 2
	rp(1) = 3.982970344524964
	rp(2) = 13.92839839707056
	rp(3) = 1
	rp(4) = 1
	rp(5) = 32.78472187403505
	rp(6) = 33.46385533147232
	rp(7) = 4.587231758111034
	rp(8) = 1
	rp(9) = 1
	rp(10) = 1
	rp(11) = 1

BEST POSITION:
	P(0) = 1.101159757523914		P(1) = 0.9442526379810308		P(2) = 0.7724871757561065	
	P(3) = 1.000588634756853		P(4) = 1.311695864369631	
================================================================================
